Namespace(network='resnet50_v1', data_shape=512, batch_size=4, dataset='voc', dataset_root='~/.mxnet/datasets/', num_workers=4, gpus='0', epochs=240, resume='', start_epoch=0, lr=0.001, lr_decay=0.1, lr_decay_epoch='160,200', momentum=0.9, wd=0.0005, log_interval=100, save_prefix='ssd_512_resnet50_v1_voc', save_interval=10, val_interval=1, seed=233, syncbn=False, dali=False, amp=False, horovod=False)
Start training from [Epoch 0]
[Epoch 0] Training cost: 14.208, CrossEntropy=11.535, SmoothL1=4.797
[Epoch 0] Validation: 
grave=0.1022208088884274
grave_cross_section=0.0007836990595611285
goods=0.06818181818181818
arrow=0.0
scale=0.011570247933884299
grave_photo=1.0000000000000002
skeleton=0.019206145966709345
map=0.0
skeleton_photo=0.0
mAP=0.1335514133367112
[Epoch 1] Training cost: 9.017, CrossEntropy=5.492, SmoothL1=4.308
[Epoch 1] Validation: 
grave=0.4478216266511937
grave_cross_section=0.02191142191142191
goods=0.05454545454545455
arrow=0.0
scale=0.012121212121212121
grave_photo=0.4000000000000001
skeleton=0.33522727272727265
map=0.0
skeleton_photo=0.0
mAP=0.14129188755072833
[Epoch 2] Training cost: 8.572, CrossEntropy=4.599, SmoothL1=3.728
[Epoch 2] Validation: 
grave=0.6760574848349142
grave_cross_section=0.05697135287299221
goods=0.0
arrow=0.0012031273421536375
scale=0.06060606060606061
grave_photo=1.0000000000000002
skeleton=0.14302112029384756
map=0.28571428571428575
skeleton_photo=1.0000000000000002
mAP=0.3581748257404727
Namespace(network='resnet50_v1', data_shape=512, batch_size=4, dataset='voc', dataset_root='~/.mxnet/datasets/', num_workers=4, gpus='0', epochs=240, resume='', start_epoch=0, lr=0.001, lr_decay=0.1, lr_decay_epoch='160,200', momentum=0.9, wd=0.0005, log_interval=100, save_prefix='ssd_512_resnet50_v1_voc', save_interval=10, val_interval=1, seed=233, syncbn=False, dali=False, amp=False, horovod=False)
Start training from [Epoch 0]
[Epoch 0] Training cost: 15.418, CrossEntropy=11.492, SmoothL1=5.194
[Epoch 0] Validation: 
grave=0.006493506493506493
grave_cross_section=0.0
goods=0.0
arrow=0.0
scale=0.0
grave_photo=0.0
skeleton=0.0
map=0.0
skeleton_photo=0.0
mAP=0.0007215007215007215
[Epoch 1] Training cost: 8.365, CrossEntropy=5.502, SmoothL1=4.147
[Epoch 1] Validation: 
grave=0.2828719453112236
grave_cross_section=0.04858934169278997
goods=0.0628099173553719
arrow=0.0013986013986013986
scale=0.029292929292929294
grave_photo=0.0
skeleton=0.04682757623934094
map=0.0
skeleton_photo=0.5000000000000001
mAP=0.10797670125447303
[Epoch 2] Training cost: 8.863, CrossEntropy=4.721, SmoothL1=3.883
[Epoch 2] Validation: 
grave=0.5606944779358572
grave_cross_section=0.019138755980861243
goods=0.010612400152149107
arrow=0.0
scale=0.0
grave_photo=0.27272727272727276
skeleton=0.2471861471861472
map=0.33333333333333326
skeleton_photo=0.0
mAP=0.1604102652572912
[Epoch 3] Training cost: 9.067, CrossEntropy=4.678, SmoothL1=3.418
[Epoch 3] Validation: 
grave=0.9515151515151518
grave_cross_section=0.27813852813852813
goods=0.13636363636363635
arrow=0.125
scale=0.1038961038961039
grave_photo=0.16477272727272727
skeleton=0.09740259740259741
map=0.7272727272727274
skeleton_photo=0.0
mAP=0.28715127465127466
[Epoch 4] Training cost: 8.737, CrossEntropy=4.184, SmoothL1=3.765
[Epoch 4] Validation: 
grave=0.8033930211202936
grave_cross_section=0.43266516092603047
goods=0.12987012987012986
arrow=0.0
scale=0.13359569723206086
grave_photo=0.16666666666666663
skeleton=0.27733100233100233
map=0.27272727272727276
skeleton_photo=0.20000000000000004
mAP=0.2684721056526063
[Epoch 5] Training cost: 10.535, CrossEntropy=3.882, SmoothL1=3.343
[Epoch 5] Validation: 
grave=0.8961038961038963
grave_cross_section=0.15164690382081683
goods=0.017152658662092625
arrow=0.023809523809523808
scale=0.119637937819756
grave_photo=0.3863636363636363
skeleton=0.3831168831168832
map=0.10909090909090911
skeleton_photo=0.5000000000000001
mAP=0.28743581653194605
[Epoch 6] Training cost: 8.860, CrossEntropy=3.631, SmoothL1=2.881
[Epoch 6] Validation: 
grave=0.872027972027972
grave_cross_section=0.20530303030303035
goods=0.10355264570140603
arrow=0.10101010101010101
scale=0.23500967117988392
grave_photo=0.33333333333333326
skeleton=0.5186868686868686
map=0.4000000000000001
skeleton_photo=1.0000000000000002
mAP=0.41876929136028834
[Epoch 7] Training cost: 8.193, CrossEntropy=3.521, SmoothL1=2.809
[Epoch 7] Validation: 
grave=0.9271132376395536
grave_cross_section=0.24286754694278206
goods=0.06818181818181818
arrow=0.3520368830776207
scale=0.32037480063795853
grave_photo=0.45454545454545464
skeleton=0.390909090909091
map=1.0000000000000002
skeleton_photo=0.20000000000000004
mAP=0.4395587591038088
[Epoch 8] Training cost: 8.381, CrossEntropy=3.333, SmoothL1=2.497
[Epoch 8] Validation: 
grave=0.9391820300911209
grave_cross_section=0.4598039215686275
goods=0.06789980092899801
arrow=0.048205128205128206
scale=0.15584415584415584
grave_photo=1.0000000000000002
skeleton=0.48615857826384146
map=0.7272727272727274
skeleton_photo=0.25000000000000006
mAP=0.45937403801939997
[Epoch 9] Training cost: 10.007, CrossEntropy=3.291, SmoothL1=2.606
[Epoch 9] Validation: 
grave=0.9393939393939396
grave_cross_section=0.4357015533486121
goods=0.19696969696969696
arrow=0.23484848484848483
scale=0.2552447552447552
grave_photo=1.0000000000000002
skeleton=0.20995233722506448
map=0.42424242424242414
skeleton_photo=1.0000000000000002
mAP=0.5218170212525531
[Epoch 10] Training cost: 7.824, CrossEntropy=3.056, SmoothL1=2.331
[Epoch 10] Validation: 
grave=0.9772727272727275
grave_cross_section=0.4232131504858778
goods=0.37012987012987014
arrow=0.13461538461538464
scale=0.1372000548471137
grave_photo=1.0000000000000002
skeleton=0.44871794871794873
map=0.5454545454545455
skeleton_photo=0.33333333333333326
mAP=0.48554855720631135
[Epoch 11] Training cost: 9.575, CrossEntropy=3.085, SmoothL1=2.538
[Epoch 11] Validation: 
grave=0.9718614718614721
grave_cross_section=0.4848484848484848
goods=0.31467840459935315
arrow=0.16666666666666666
scale=0.3988095238095238
grave_photo=1.0000000000000002
skeleton=0.5335497835497836
map=0.7727272727272726
skeleton_photo=0.0
mAP=0.5159046231180618
[Epoch 12] Training cost: 9.553, CrossEntropy=3.164, SmoothL1=2.558
[Epoch 12] Validation: 
grave=0.941263282172373
grave_cross_section=0.2459442913988369
goods=0.346864365580943
arrow=0.3111930442438917
scale=0.07182211727666273
grave_photo=0.6666666666666665
skeleton=0.7001180637544275
map=1.0000000000000002
skeleton_photo=0.25000000000000006
mAP=0.5037635367882002
[Epoch 13] Training cost: 8.627, CrossEntropy=3.110, SmoothL1=2.167
[Epoch 13] Validation: 
grave=0.9930069930069932
grave_cross_section=0.24164712445864933
goods=0.353475935828877
arrow=0.36288711288711284
scale=0.5323232323232323
grave_photo=0.8484848484848483
skeleton=0.6212121212121212
map=0.42424242424242414
skeleton_photo=0.07692307692307693
mAP=0.494911429929704
[Epoch 14] Training cost: 8.004, CrossEntropy=2.967, SmoothL1=2.324
[Epoch 14] Validation: 
grave=0.9860139860139863
grave_cross_section=0.4772727272727271
goods=0.5043290043290044
arrow=0.11481191222570532
scale=0.2948856150437178
grave_photo=1.0000000000000002
skeleton=0.3465481886534518
map=1.0000000000000002
skeleton_photo=0.12500000000000003
mAP=0.5387623815042881
[Epoch 15] Training cost: 8.990, CrossEntropy=2.812, SmoothL1=2.104
[Epoch 15] Validation: 
grave=0.9930069930069932
grave_cross_section=0.476084521539067
goods=0.5062364718614719
arrow=0.32069311903566045
scale=0.40757575757575754
grave_photo=1.0000000000000002
skeleton=0.4852092352092352
map=1.0000000000000002
skeleton_photo=1.0000000000000002
mAP=0.687645122025354
[Epoch 16] Training cost: 8.355, CrossEntropy=2.918, SmoothL1=2.113
[Epoch 16] Validation: 
grave=0.9295390883626179
grave_cross_section=0.48057851239669425
goods=0.42580213903743325
arrow=0.22494172494172493
scale=0.5844155844155845
grave_photo=1.0000000000000002
skeleton=0.6002801120448178
map=0.8484848484848483
skeleton_photo=1.0000000000000002
mAP=0.677115778853747
[Epoch 17] Training cost: 7.964, CrossEntropy=2.704, SmoothL1=2.022
[Epoch 17] Validation: 
grave=0.981818181818182
grave_cross_section=0.4494949494949495
goods=0.16722461342260483
arrow=0.276253097007814
scale=0.5432736455463728
grave_photo=1.0000000000000002
skeleton=0.5298935298935299
map=0.8484848484848483
skeleton_photo=0.33333333333333326
mAP=0.5699751332224038
[Epoch 18] Training cost: 9.775, CrossEntropy=2.810, SmoothL1=2.057
[Epoch 18] Validation: 
grave=0.981818181818182
grave_cross_section=0.42332415059687784
goods=0.31404958677685946
arrow=0.36363636363636365
scale=0.6307692307692309
grave_photo=0.6666666666666665
skeleton=0.58008658008658
map=0.8484848484848483
skeleton_photo=1.0000000000000002
mAP=0.6454261787595121
[Epoch 19] Training cost: 10.201, CrossEntropy=2.878, SmoothL1=2.462
[Epoch 19] Validation: 
grave=0.9794372294372297
grave_cross_section=0.5799808429118775
goods=0.40911400591278635
arrow=0.36363636363636365
scale=0.6160654160654162
grave_photo=1.0000000000000002
skeleton=0.4424242424242424
map=0.5454545454545455
skeleton_photo=0.5000000000000001
mAP=0.604012516204718
[Epoch 20] Training cost: 7.189, CrossEntropy=2.674, SmoothL1=1.884
[Epoch 20] Validation: 
grave=1.0000000000000002
grave_cross_section=0.42263056092843326
goods=0.30578512396694213
arrow=0.4545454545454546
scale=0.6535497835497835
grave_photo=1.0000000000000002
skeleton=0.41108452950558216
map=0.5454545454545455
skeleton_photo=1.0000000000000002
mAP=0.6436722219945269
[Epoch 21] Training cost: 8.271, CrossEntropy=2.578, SmoothL1=1.843
[Epoch 21] Validation: 
grave=0.9772727272727275
grave_cross_section=0.4945182724252492
goods=0.428030303030303
arrow=0.36818181818181817
scale=0.5393939393939393
grave_photo=1.0000000000000002
skeleton=0.39748130657221564
map=0.8484848484848483
skeleton_photo=1.0000000000000002
mAP=0.6725959128179002
[Epoch 22] Training cost: 8.568, CrossEntropy=2.510, SmoothL1=1.825
[Epoch 22] Validation: 
grave=1.0000000000000002
grave_cross_section=0.4734438984438985
goods=0.48863636363636365
arrow=0.2907092907092907
scale=0.5846648301193756
grave_photo=1.0000000000000002
skeleton=0.2816738816738817
map=1.0000000000000002
skeleton_photo=0.05000000000000001
mAP=0.5743475849536457
[Epoch 23] Training cost: 8.453, CrossEntropy=2.502, SmoothL1=1.931
[Epoch 23] Validation: 
grave=0.9870129870129872
grave_cross_section=0.6029067852437417
goods=0.43101604278074857
arrow=0.18408799906879292
scale=0.2503685503685504
grave_photo=1.0000000000000002
skeleton=0.5681818181818181
map=1.0000000000000002
skeleton_photo=1.0000000000000002
mAP=0.6692860202951821
[Epoch 24] Training cost: 8.532, CrossEntropy=2.426, SmoothL1=1.840
[Epoch 24] Validation: 
grave=1.0000000000000002
grave_cross_section=0.5954545454545456
goods=0.5963619713619717
arrow=0.4393939393939394
scale=0.5909090909090908
grave_photo=1.0000000000000002
skeleton=0.49090909090909096
map=1.0000000000000002
skeleton_photo=0.5000000000000001
mAP=0.6903365153365155
[Epoch 25] Training cost: 7.947, CrossEntropy=2.520, SmoothL1=1.847
[Epoch 25] Validation: 
grave=1.0000000000000002
grave_cross_section=0.5695415695415695
goods=0.6363636363636364
arrow=0.41347962382445136
scale=0.6625874125874127
grave_photo=1.0000000000000002
skeleton=0.8386876281613126
map=1.0000000000000002
skeleton_photo=1.0000000000000002
mAP=0.7911844300531538
[Epoch 26] Training cost: 9.446, CrossEntropy=2.661, SmoothL1=2.094
[Epoch 26] Validation: 
grave=1.0000000000000002
grave_cross_section=0.5914502164502164
goods=0.8181818181818183
arrow=0.4727272727272728
scale=0.6560606060606062
grave_photo=1.0000000000000002
skeleton=0.5266400266400266
map=0.6153846153846153
skeleton_photo=1.0000000000000002
mAP=0.7422716172716174
[Epoch 27] Training cost: 9.820, CrossEntropy=2.761, SmoothL1=2.053
[Epoch 27] Validation: 
grave=0.9930069930069932
grave_cross_section=0.6614989580712384
goods=0.3787878787878788
arrow=0.3642857142857143
scale=0.4484848484848485
grave_photo=1.0000000000000002
skeleton=0.5768398268398268
map=0.8484848484848483
skeleton_photo=1.0000000000000002
mAP=0.696821007551261
[Epoch 28] Training cost: 7.578, CrossEntropy=2.367, SmoothL1=1.663
[Epoch 28] Validation: 
grave=0.9740259740259742
grave_cross_section=0.5527119938884646
goods=0.5603514132925901
arrow=0.3939393939393939
scale=0.6942959001782532
grave_photo=1.0000000000000002
skeleton=0.6571428571428573
map=1.0000000000000002
skeleton_photo=1.0000000000000002
mAP=0.7591630591630593
[Epoch 29] Training cost: 7.978, CrossEntropy=2.378, SmoothL1=1.702
[Epoch 29] Validation: 
grave=1.0000000000000002
grave_cross_section=0.6000000000000001
goods=0.29220779220779225
arrow=0.15395144404899397
scale=0.5770895770895771
grave_photo=1.0000000000000002
skeleton=0.5194805194805195
map=1.0000000000000002
skeleton_photo=1.0000000000000002
mAP=0.6825254814252093
[Epoch 30] Training cost: 7.412, CrossEntropy=2.243, SmoothL1=1.474
[Epoch 30] Validation: 
grave=1.0000000000000002
grave_cross_section=0.6399316592498411
goods=0.4988344988344989
arrow=0.4242424242424242
scale=0.5803030303030303
grave_photo=1.0000000000000002
skeleton=0.6439393939393939
map=0.8484848484848483
skeleton_photo=1.0000000000000002
mAP=0.7373039838948929
[Epoch 31] Training cost: 8.587, CrossEntropy=2.485, SmoothL1=1.946
[Epoch 31] Validation: 
grave=0.9870129870129872
grave_cross_section=0.4144570707070708
goods=0.46191646191646196
arrow=0.3939393939393939
scale=0.5255463728191002
grave_photo=1.0000000000000002
skeleton=0.3324009324009324
map=0.5454545454545455
skeleton_photo=1.0000000000000002
mAP=0.6289697515833881
[Epoch 32] Training cost: 9.226, CrossEntropy=2.470, SmoothL1=1.852
[Epoch 32] Validation: 
grave=0.9720279720279723
grave_cross_section=0.5508658008658008
goods=0.41098484848484845
arrow=0.2767676767676768
scale=0.6241883116883118
grave_photo=1.0000000000000002
skeleton=0.3636363636363637
map=1.0000000000000002
skeleton_photo=1.0000000000000002
mAP=0.6887189970523305
[Epoch 33] Training cost: 8.207, CrossEntropy=2.386, SmoothL1=1.590
[Epoch 33] Validation: 
grave=1.0000000000000002
grave_cross_section=0.6071459941025159
goods=0.5
arrow=0.3506493506493507
scale=0.6931818181818183
grave_photo=1.0000000000000002
skeleton=0.6969696969696971
map=1.0000000000000002
skeleton_photo=0.038461538461538464
mAP=0.6540453775961024
[Epoch 34] Training cost: 7.944, CrossEntropy=2.260, SmoothL1=1.708
[Epoch 34] Validation: 
grave=1.0000000000000002
grave_cross_section=0.6427056947180787
goods=0.6458333333333334
arrow=0.36843434343434345
scale=0.6515151515151516
grave_photo=1.0000000000000002
skeleton=0.7272727272727272
map=1.0000000000000002
skeleton_photo=1.0000000000000002
mAP=0.7817512500304039
[Epoch 35] Training cost: 8.961, CrossEntropy=2.311, SmoothL1=1.783
[Epoch 35] Validation: 
grave=1.0000000000000002
grave_cross_section=0.5422037732382561
goods=0.48863636363636365
arrow=0.3801652892561983
scale=0.5696969696969697
grave_photo=1.0000000000000002
skeleton=0.36060606060606054
map=1.0000000000000002
skeleton_photo=1.0000000000000002
mAP=0.7045898284926498
[Epoch 36] Training cost: 8.139, CrossEntropy=2.109, SmoothL1=1.451
[Epoch 36] Validation: 
grave=0.9930069930069932
grave_cross_section=0.6409090909090909
goods=0.4576802507836991
arrow=0.4298701298701299
scale=0.6363636363636365
grave_photo=1.0000000000000002
skeleton=0.5429292929292929
map=1.0000000000000002
skeleton_photo=1.0000000000000002
mAP=0.7445288215403159
[Epoch 37] Training cost: 9.239, CrossEntropy=2.297, SmoothL1=1.678
[Epoch 37] Validation: 
grave=0.9930069930069932
grave_cross_section=0.5767964109533876
goods=0.5454545454545455
arrow=0.47382920110192833
scale=0.5751082251082251
grave_photo=1.0000000000000002
skeleton=0.34946871310507677
map=1.0000000000000002
skeleton_photo=1.0000000000000002
mAP=0.7237404543033509
[Epoch 38] Training cost: 8.777, CrossEntropy=2.374, SmoothL1=1.712
[Epoch 38] Validation: 
grave=0.9870129870129872
grave_cross_section=0.6192973692973693
goods=0.48484848484848486
arrow=0.4462121212121212
scale=0.6631493506493508
grave_photo=1.0000000000000002
skeleton=0.6137373737373738
map=0.6103896103896105
skeleton_photo=1.0000000000000002
mAP=0.7138496996830332
[Epoch 39] Training cost: 8.843, CrossEntropy=2.230, SmoothL1=1.633
[Epoch 39] Validation: 
grave=0.9930069930069932
grave_cross_section=0.6268065268065267
goods=0.4611973392461198
arrow=0.3540106951871658
scale=0.6681096681096682
grave_photo=1.0000000000000002
skeleton=0.5795454545454545
map=1.0000000000000002
skeleton_photo=1.0000000000000002
mAP=0.742519630766881
[Epoch 40] Training cost: 9.970, CrossEntropy=2.414, SmoothL1=1.897
[Epoch 40] Validation: 
grave=0.9718614718614721
grave_cross_section=0.5427489177489178
goods=0.38479702116065745
arrow=0.36363636363636365
scale=0.5212121212121211
grave_photo=1.0000000000000002
skeleton=0.5467171717171717
map=1.0000000000000002
skeleton_photo=1.0000000000000002
mAP=0.7034414519263005
[Epoch 41] Training cost: 8.299, CrossEntropy=2.299, SmoothL1=1.632
[Epoch 41] Validation: 
grave=0.9930069930069932
grave_cross_section=0.5907867726049545
goods=0.23250154101217935
arrow=0.4545454545454546
scale=0.5454545454545455
grave_photo=1.0000000000000002
skeleton=0.41414141414141414
map=1.0000000000000002
skeleton_photo=1.0000000000000002
mAP=0.692270746751727
[Epoch 42] Training cost: 7.977, CrossEntropy=2.134, SmoothL1=1.502
[Epoch 42] Validation: 
grave=1.0000000000000002
grave_cross_section=0.5944937415525652
goods=0.35397727272727275
arrow=0.48484848484848486
scale=0.46883116883116893
grave_photo=1.0000000000000002
skeleton=0.5474941724941724
map=1.0000000000000002
skeleton_photo=1.0000000000000002
mAP=0.7166272044948516
[Epoch 43] Training cost: 7.956, CrossEntropy=2.134, SmoothL1=1.555
[Epoch 43] Validation: 
grave=0.9930069930069932
grave_cross_section=0.5681818181818181
goods=0.5229752066115703
arrow=0.3560606060606061
scale=0.4896103896103897
grave_photo=1.0000000000000002
skeleton=0.5090909090909091
map=1.0000000000000002
skeleton_photo=1.0000000000000002
mAP=0.7154362136180319
[Epoch 44] Training cost: 7.562, CrossEntropy=2.184, SmoothL1=1.677
[Epoch 44] Validation: 
grave=0.9790209790209793
grave_cross_section=0.6413790309512234
goods=0.21709956709956715
arrow=0.40460448642266833
scale=0.5145218417945692
grave_photo=1.0000000000000002
skeleton=0.44386724386724385
map=1.0000000000000002
skeleton_photo=0.25000000000000006
mAP=0.6056103499062502
[Epoch 45] Training cost: 7.885, CrossEntropy=2.196, SmoothL1=1.661
[Epoch 45] Validation: 
grave=1.0000000000000002
grave_cross_section=0.6378787878787877
goods=0.28099173553719003
arrow=0.46687574193856574
scale=0.5170454545454545
grave_photo=1.0000000000000002
skeleton=0.5810640971931295
map=1.0000000000000002
skeleton_photo=1.0000000000000002
mAP=0.7204284241214586
[Epoch 46] Training cost: 7.999, CrossEntropy=2.075, SmoothL1=1.526
[Epoch 46] Validation: 
grave=0.9870129870129872
grave_cross_section=0.5478359478359479
goods=0.5303030303030303
arrow=0.46230598669623063
scale=0.5659824046920822
grave_photo=1.0000000000000002
skeleton=0.6248693834900731
map=1.0000000000000002
skeleton_photo=1.0000000000000002
mAP=0.7464788600033725
[Epoch 47] Training cost: 8.299, CrossEntropy=2.005, SmoothL1=1.414
[Epoch 47] Validation: 
grave=0.9930069930069932
grave_cross_section=0.5782599753187988
goods=0.1744432879308479
arrow=0.48325358851674644
scale=0.6359180035650626
grave_photo=1.0000000000000002
skeleton=0.36404958677685945
map=1.0000000000000002
skeleton_photo=1.0000000000000002
mAP=0.6921034927905898
[Epoch 48] Training cost: 8.243, CrossEntropy=2.195, SmoothL1=1.646
[Epoch 48] Validation: 
grave=1.0000000000000002
grave_cross_section=0.556060606060606
goods=0.37930069930069926
arrow=0.5041322314049587
scale=0.7031168831168831
grave_photo=1.0000000000000002
skeleton=0.5262987012987014
map=1.0000000000000002
skeleton_photo=1.0000000000000002
mAP=0.7409899023535389
[Epoch 49] Training cost: 8.896, CrossEntropy=2.191, SmoothL1=1.596
[Epoch 49] Validation: 
grave=1.0000000000000002
grave_cross_section=0.5434300993124522
goods=0.36151515151515135
arrow=0.48325358851674644
scale=0.6474358974358976
grave_photo=1.0000000000000002
skeleton=0.5902597402597403
map=1.0000000000000002
skeleton_photo=1.0000000000000002
mAP=0.7362104974488877
[Epoch 50] Training cost: 7.770, CrossEntropy=2.134, SmoothL1=1.482
[Epoch 50] Validation: 
grave=1.0000000000000002
grave_cross_section=0.5871848739495797
goods=0.33916083916083906
arrow=0.3861111111111112
scale=0.6740259740259741
grave_photo=1.0000000000000002
skeleton=0.5227272727272727
map=1.0000000000000002
skeleton_photo=1.0000000000000002
mAP=0.7232455634416419
[Epoch 51] Training cost: 7.398, CrossEntropy=2.177, SmoothL1=1.483
[Epoch 51] Validation: 
grave=1.0000000000000002
grave_cross_section=0.7705627705627703
goods=0.4074074074074072
arrow=0.45681818181818185
scale=0.6787878787878789
grave_photo=1.0000000000000002
skeleton=0.575974025974026
map=1.0000000000000002
skeleton_photo=1.0000000000000002
mAP=0.7655055849500295
[Epoch 52] Training cost: 7.768, CrossEntropy=2.325, SmoothL1=1.628
[Epoch 52] Validation: 
grave=1.0000000000000002
grave_cross_section=0.7272727272727273
goods=0.45824585815187313
arrow=0.5058846174998625
scale=0.6764069264069265
grave_photo=1.0000000000000002
skeleton=0.4545454545454546
map=1.0000000000000002
skeleton_photo=1.0000000000000002
mAP=0.7580395093196494
[Epoch 53] Training cost: 8.040, CrossEntropy=2.176, SmoothL1=1.526
[Epoch 53] Validation: 
grave=1.0000000000000002
grave_cross_section=0.8429752066115701
goods=0.36369403792084204
arrow=0.39393939393939387
scale=0.7052785923753666
grave_photo=1.0000000000000002
skeleton=0.41866028708133973
map=1.0000000000000002
skeleton_photo=1.0000000000000002
mAP=0.7471719464365015
[Epoch 54] Training cost: 7.934, CrossEntropy=2.040, SmoothL1=1.427
[Epoch 54] Validation: 
grave=1.0000000000000002
grave_cross_section=0.6302308802308804
goods=0.4137931034482759
arrow=0.46723044397463004
scale=0.6902356902356903
grave_photo=1.0000000000000002
skeleton=0.4114421787765393
map=1.0000000000000002
skeleton_photo=1.0000000000000002
mAP=0.734770255185113
[Epoch 55] Training cost: 8.245, CrossEntropy=2.035, SmoothL1=1.436
[Epoch 55] Validation: 
grave=1.0000000000000002
grave_cross_section=0.6451100870455709
goods=0.3888089758342922
arrow=0.48484848484848486
scale=0.6761363636363638
grave_photo=1.0000000000000002
skeleton=0.5025252525252525
map=1.0000000000000002
skeleton_photo=1.0000000000000002
mAP=0.7441587959877739
[Epoch 56] Training cost: 7.792, CrossEntropy=2.137, SmoothL1=1.582
[Epoch 56] Validation: 
grave=1.0000000000000002
grave_cross_section=0.5830241187384044
goods=0.4025974025974026
arrow=0.48863636363636365
scale=0.665800865800866
grave_photo=1.0000000000000002
skeleton=0.5757575757575758
map=1.0000000000000002
skeleton_photo=1.0000000000000002
mAP=0.746201814058957
[Epoch 57] Training cost: 7.950, CrossEntropy=2.111, SmoothL1=1.507
[Epoch 57] Validation: 
grave=0.9930069930069932
grave_cross_section=0.680995670995671
goods=0.39872408293460926
arrow=0.39664238200823576
scale=0.6931818181818183
grave_photo=1.0000000000000002
skeleton=0.5424242424242424
map=1.0000000000000002
skeleton_photo=1.0000000000000002
mAP=0.7449972432835078
[Epoch 58] Training cost: 7.464, CrossEntropy=1.886, SmoothL1=1.235
[Epoch 58] Validation: 
grave=0.9930069930069932
grave_cross_section=0.6868686868686867
goods=0.16091954022988503
arrow=0.44652406417112295
scale=0.6463536463536464
grave_photo=1.0000000000000002
skeleton=0.584113560857747
map=1.0000000000000002
skeleton_photo=1.0000000000000002
mAP=0.7241984990542313
[Epoch 59] Training cost: 8.844, CrossEntropy=2.121, SmoothL1=1.620
[Epoch 59] Validation: 
grave=0.9930069930069932
grave_cross_section=0.602020202020202
goods=0.48528925619834723
arrow=0.43360071301247777
scale=0.6590909090909092
grave_photo=1.0000000000000002
skeleton=0.42121212121212126
map=1.0000000000000002
skeleton_photo=1.0000000000000002
mAP=0.7326911327267835
[Epoch 60] Training cost: 8.314, CrossEntropy=2.122, SmoothL1=1.582
[Epoch 60] Validation: 
grave=1.0000000000000002
grave_cross_section=0.7399822399822399
goods=0.36643356643356645
arrow=0.464935064935065
scale=0.6371863430686959
grave_photo=1.0000000000000002
skeleton=0.5113063407181055
map=1.0000000000000002
skeleton_photo=1.0000000000000002
mAP=0.746649283904186
[Epoch 61] Training cost: 8.870, CrossEntropy=1.958, SmoothL1=1.492
[Epoch 61] Validation: 
grave=1.0000000000000002
grave_cross_section=0.7612596553773022
goods=0.40909090909090906
arrow=0.5324675324675325
scale=0.6371753246753248
grave_photo=1.0000000000000002
skeleton=0.5465367965367965
map=1.0000000000000002
skeleton_photo=1.0000000000000002
mAP=0.7651700242386518
[Epoch 62] Training cost: 8.228, CrossEntropy=1.924, SmoothL1=1.335
[Epoch 62] Validation: 
grave=0.9930069930069932
grave_cross_section=0.6790993559286242
goods=0.5378787878787878
arrow=0.2736842105263158
scale=0.5837028824833702
grave_photo=1.0000000000000002
skeleton=0.5719008264462809
map=1.0000000000000002
skeleton_photo=1.0000000000000002
mAP=0.7376970062522636
[Epoch 63] Training cost: 7.772, CrossEntropy=2.078, SmoothL1=1.335
[Epoch 63] Validation: 
grave=1.0000000000000002
grave_cross_section=0.6867623604465709
goods=0.6368686868686869
arrow=0.4878787878787878
scale=0.6257575757575757
grave_photo=1.0000000000000002
skeleton=0.6795454545454545
map=1.0000000000000002
skeleton_photo=1.0000000000000002
mAP=0.7907569850552307
[Epoch 64] Training cost: 8.887, CrossEntropy=1.915, SmoothL1=1.552
[Epoch 64] Validation: 
grave=1.0000000000000002
grave_cross_section=0.7629870129870128
goods=0.03628035107950541
arrow=0.45698924731182794
scale=0.6515151515151515
grave_photo=1.0000000000000002
skeleton=0.45245559038662486
map=1.0000000000000002
skeleton_photo=1.0000000000000002
mAP=0.7066919281422359
[Epoch 65] Training cost: 8.725, CrossEntropy=2.069, SmoothL1=1.602
[Epoch 65] Validation: 
grave=1.0000000000000002
grave_cross_section=0.7643225423111569
goods=0.37662337662337675
arrow=0.2909803921568627
scale=0.6327561327561328
grave_photo=1.0000000000000002
skeleton=0.4776223776223776
map=1.0000000000000002
skeleton_photo=1.0000000000000002
mAP=0.7269227579411008
[Epoch 66] Training cost: 8.432, CrossEntropy=1.978, SmoothL1=1.344
[Epoch 66] Validation: 
grave=1.0000000000000002
grave_cross_section=0.681894576012223
goods=0.4077922077922078
arrow=0.4180706993541219
scale=0.5727272727272726
grave_photo=1.0000000000000002
skeleton=0.7490909090909093
map=0.6153846153846153
skeleton_photo=1.0000000000000002
mAP=0.7161066978179278
[Epoch 67] Training cost: 8.779, CrossEntropy=1.864, SmoothL1=1.437
[Epoch 67] Validation: 
grave=0.9930069930069932
grave_cross_section=0.7745227208142808
goods=0.4015151515151515
arrow=0.5272317772317773
scale=0.4204545454545455
grave_photo=1.0000000000000002
skeleton=0.7575757575757577
map=1.0000000000000002
skeleton_photo=1.0000000000000002
mAP=0.7638118828442786
[Epoch 68] Training cost: 7.474, CrossEntropy=1.775, SmoothL1=1.307
[Epoch 68] Validation: 
grave=1.0000000000000002
grave_cross_section=0.6012396694214875
goods=0.39103896103896096
arrow=0.5072905525846703
scale=0.4821428571428572
grave_photo=1.0000000000000002
skeleton=0.5542360897552154
map=1.0000000000000002
skeleton_photo=1.0000000000000002
mAP=0.7262164588825768
[Epoch 69] Training cost: 9.108, CrossEntropy=1.882, SmoothL1=1.283
[Epoch 69] Validation: 
grave=0.9930069930069932
grave_cross_section=0.7776629935720842
goods=0.431636943598666
arrow=0.5232323232323233
scale=0.46915584415584427
grave_photo=1.0000000000000002
skeleton=0.5863636363636364
map=1.0000000000000002
skeleton_photo=1.0000000000000002
mAP=0.7534509704366165
[Epoch 70] Training cost: 8.786, CrossEntropy=1.963, SmoothL1=1.358
[Epoch 70] Validation: 
grave=0.9860139860139863
grave_cross_section=0.6072261072261071
goods=0.40909090909090895
arrow=0.5091105863833136
scale=0.4789698937426211
grave_photo=1.0000000000000002
skeleton=0.46386946386946376
map=1.0000000000000002
skeleton_photo=1.0000000000000002
mAP=0.7171423273696002
[Epoch 71] Training cost: 8.760, CrossEntropy=2.008, SmoothL1=1.306
[Epoch 71] Validation: 
grave=1.0000000000000002
grave_cross_section=0.7403294074346706
goods=0.38636363636363635
arrow=0.4586776859504132
scale=0.5151515151515151
grave_photo=1.0000000000000002
skeleton=0.5040544821032625
map=1.0000000000000002
skeleton_photo=1.0000000000000002
mAP=0.7338418585559442
[Epoch 72] Training cost: 8.678, CrossEntropy=1.932, SmoothL1=1.341
[Epoch 72] Validation: 
grave=0.9930069930069932
grave_cross_section=0.7460163128612324
goods=0.4061363636363636
arrow=0.43181818181818177
scale=0.681227863046045
grave_photo=1.0000000000000002
skeleton=0.3729603729603729
map=1.0000000000000002
skeleton_photo=0.5000000000000001
mAP=0.6812406763699099
[Epoch 73] Training cost: 7.787, CrossEntropy=1.675, SmoothL1=1.093
[Epoch 73] Validation: 
grave=1.0000000000000002
grave_cross_section=0.5844418208054573
goods=0.3412304866850322
arrow=0.3847402597402598
scale=0.6551606288448394
grave_photo=1.0000000000000002
skeleton=0.4399498806278466
map=1.0000000000000002
skeleton_photo=1.0000000000000002
mAP=0.7117247863003818
[Epoch 74] Training cost: 7.639, CrossEntropy=1.756, SmoothL1=1.224
[Epoch 74] Validation: 
grave=1.0000000000000002
grave_cross_section=0.6470418470418472
goods=0.38429752066115697
arrow=0.4662004662004662
scale=0.5614385614385615
grave_photo=1.0000000000000002
skeleton=0.6363636363636364
map=1.0000000000000002
skeleton_photo=1.0000000000000002
mAP=0.743926892411741
[Epoch 75] Training cost: 7.808, CrossEntropy=1.812, SmoothL1=1.263
[Epoch 75] Validation: 
grave=1.0000000000000002
grave_cross_section=0.5508771929824562
goods=0.47132867132867123
arrow=0.45270285270285276
scale=0.6727272727272726
grave_photo=1.0000000000000002
skeleton=0.37878787878787873
map=1.0000000000000002
skeleton_photo=1.0000000000000002
mAP=0.725158207614348
[Epoch 76] Training cost: 8.797, CrossEntropy=2.026, SmoothL1=1.491
[Epoch 76] Validation: 
grave=1.0000000000000002
grave_cross_section=0.734865134865135
goods=0.39925571504518875
arrow=0.31818181818181823
scale=0.5454545454545455
grave_photo=1.0000000000000002
skeleton=0.303030303030303
map=1.0000000000000002
skeleton_photo=1.0000000000000002
mAP=0.700087501841888
[Epoch 77] Training cost: 8.979, CrossEntropy=1.865, SmoothL1=1.478
[Epoch 77] Validation: 
grave=1.0000000000000002
grave_cross_section=0.7296037296037294
goods=0.48589341692789956
arrow=0.4253246753246753
scale=0.7297979797979799
grave_photo=1.0000000000000002
skeleton=0.4356060606060606
map=1.0000000000000002
skeleton_photo=1.0000000000000002
mAP=0.7562473180289273
[Epoch 78] Training cost: 9.330, CrossEntropy=1.829, SmoothL1=1.386
[Epoch 78] Validation: 
grave=1.0000000000000002
grave_cross_section=0.7432204159476887
goods=0.42468319559228657
arrow=0.5068573667711599
scale=0.63982683982684
grave_photo=1.0000000000000002
skeleton=0.531524926686217
map=1.0000000000000002
skeleton_photo=1.0000000000000002
mAP=0.7606791938693548
[Epoch 79] Training cost: 9.155, CrossEntropy=1.962, SmoothL1=1.399
[Epoch 79] Validation: 
grave=1.0000000000000002
grave_cross_section=0.8181818181818181
goods=0.37619047619047613
arrow=0.4131313131313132
scale=0.6853146853146854
grave_photo=1.0000000000000002
skeleton=0.3237133237133236
map=1.0000000000000002
skeleton_photo=1.0000000000000002
mAP=0.7351701796146242
[Epoch 80] Training cost: 8.268, CrossEntropy=1.722, SmoothL1=1.225
[Epoch 80] Validation: 
grave=1.0000000000000002
grave_cross_section=0.7858519404572035
goods=0.06818181818181818
arrow=0.4302364302364302
scale=0.49921630094043884
grave_photo=1.0000000000000002
skeleton=0.7272727272727271
map=1.0000000000000002
skeleton_photo=1.0000000000000002
mAP=0.7234176907876243
[Epoch 81] Training cost: 9.781, CrossEntropy=1.901, SmoothL1=1.507
[Epoch 81] Validation: 
grave=1.0000000000000002
grave_cross_section=0.7481060606060606
goods=0.10454545454545455
arrow=0.43926275744457566
scale=0.7337995337995339
grave_photo=1.0000000000000002
skeleton=0.5588888888888889
map=1.0000000000000002
skeleton_photo=1.0000000000000002
mAP=0.7316225216982795
[Epoch 82] Training cost: 8.642, CrossEntropy=1.686, SmoothL1=1.223
[Epoch 82] Validation: 
grave=1.0000000000000002
grave_cross_section=0.6235294117647059
goods=0.3077114273286522
arrow=0.3554001554001554
scale=0.643939393939394
grave_photo=1.0000000000000002
skeleton=0.4191263282172372
map=1.0000000000000002
skeleton_photo=1.0000000000000002
mAP=0.7055229685166828
[Epoch 83] Training cost: 8.758, CrossEntropy=1.835, SmoothL1=1.278
[Epoch 83] Validation: 
grave=1.0000000000000002
grave_cross_section=0.7821428571428571
goods=0.29465240641711227
arrow=0.3361059044048735
scale=0.6772727272727274
grave_photo=1.0000000000000002
skeleton=0.5320855614973262
map=1.0000000000000002
skeleton_photo=0.5000000000000001
mAP=0.6802510507483218
[Epoch 84] Training cost: 9.000, CrossEntropy=1.783, SmoothL1=1.434
[Epoch 84] Validation: 
grave=1.0000000000000002
grave_cross_section=0.6181284990669156
goods=0.2535615899252263
arrow=0.44090909090909086
scale=0.6893939393939394
grave_photo=1.0000000000000002
skeleton=0.4940731995277449
map=1.0000000000000002
skeleton_photo=0.5000000000000001
mAP=0.6662295909803243
[Epoch 85] Training cost: 8.430, CrossEntropy=1.658, SmoothL1=1.229
[Epoch 85] Validation: 
grave=1.0000000000000002
grave_cross_section=0.7422682536318899
goods=0.3753246753246754
arrow=0.4726011476693434
scale=0.46270396270396275
grave_photo=1.0000000000000002
skeleton=0.4761248852157943
map=1.0000000000000002
skeleton_photo=1.0000000000000002
mAP=0.7254469916161851
[Epoch 86] Training cost: 9.299, CrossEntropy=1.995, SmoothL1=1.472
[Epoch 86] Validation: 
grave=1.0000000000000002
grave_cross_section=0.6887708251344615
goods=0.4171630094043887
arrow=0.4293706293706294
scale=0.5714285714285715
grave_photo=1.0000000000000002
skeleton=0.38842975206611563
map=1.0000000000000002
skeleton_photo=1.0000000000000002
mAP=0.7216847541560186
[Epoch 87] Training cost: 8.606, CrossEntropy=1.723, SmoothL1=1.212
[Epoch 87] Validation: 
grave=1.0000000000000002
grave_cross_section=0.781060606060606
goods=0.18831168831168832
arrow=0.2746093996093996
scale=0.665800865800866
grave_photo=1.0000000000000002
skeleton=0.5378787878787878
map=1.0000000000000002
skeleton_photo=1.0000000000000002
mAP=0.7164068164068165
[Epoch 88] Training cost: 8.306, CrossEntropy=1.669, SmoothL1=1.161
[Epoch 88] Validation: 
grave=1.0000000000000002
grave_cross_section=0.7831099381901521
goods=0.1515852401566687
arrow=0.40779383252277335
scale=0.7525252525252526
grave_photo=1.0000000000000002
skeleton=0.5825350276963182
map=1.0000000000000002
skeleton_photo=1.0000000000000002
mAP=0.7419499212323518
[Epoch 89] Training cost: 7.748, CrossEntropy=1.807, SmoothL1=1.221
[Epoch 89] Validation: 
grave=1.0000000000000002
grave_cross_section=0.6900974025974027
goods=0.3531230674087817
arrow=0.5437229437229438
scale=0.6099014621741894
grave_photo=1.0000000000000002
skeleton=0.42221756737885774
map=1.0000000000000002
skeleton_photo=1.0000000000000002
mAP=0.7354513825869086
[Epoch 90] Training cost: 9.053, CrossEntropy=1.679, SmoothL1=1.255
[Epoch 90] Validation: 
grave=1.0000000000000002
grave_cross_section=0.7054195804195803
goods=0.48181818181818187
arrow=0.31185295253945133
scale=0.7029137529137528
grave_photo=1.0000000000000002
skeleton=0.5089418777943369
map=1.0000000000000002
skeleton_photo=1.0000000000000002
mAP=0.7456607050539227
[Epoch 91] Training cost: 9.489, CrossEntropy=1.741, SmoothL1=1.273
[Epoch 91] Validation: 
grave=1.0000000000000002
grave_cross_section=0.6969915111626341
goods=0.5848484848484848
arrow=0.5464872680062552
scale=0.7232323232323233
grave_photo=1.0000000000000002
skeleton=0.5805785123966941
map=1.0000000000000002
skeleton_photo=1.0000000000000002
mAP=0.7924597888495992
[Epoch 92] Training cost: 8.988, CrossEntropy=1.794, SmoothL1=1.355
[Epoch 92] Validation: 
grave=1.0000000000000002
grave_cross_section=0.7251082251082249
goods=0.3183760683760684
arrow=0.49047619047619045
scale=0.6350649350649351
grave_photo=1.0000000000000002
skeleton=0.47546897546897543
map=1.0000000000000002
skeleton_photo=1.0000000000000002
mAP=0.7382771549438217
[Epoch 93] Training cost: 8.988, CrossEntropy=1.885, SmoothL1=1.344
[Epoch 93] Validation: 
grave=0.9930069930069932
grave_cross_section=0.8050505050505049
goods=0.23846842812360058
arrow=0.4511135833863107
scale=0.74616292798111
grave_photo=1.0000000000000002
skeleton=0.497979797979798
map=1.0000000000000002
skeleton_photo=1.0000000000000002
mAP=0.7479758039475909
[Epoch 94] Training cost: 8.201, CrossEntropy=1.805, SmoothL1=1.276
[Epoch 94] Validation: 
grave=1.0000000000000002
grave_cross_section=0.7152097902097901
goods=0.17554858934169287
arrow=0.4344746162927981
scale=0.6218487394957984
grave_photo=1.0000000000000002
skeleton=0.5300546448087431
map=1.0000000000000002
skeleton_photo=1.0000000000000002
mAP=0.7196818200165359
[Epoch 95] Training cost: 8.530, CrossEntropy=1.719, SmoothL1=1.262
[Epoch 95] Validation: 
grave=1.0000000000000002
grave_cross_section=0.8076923076923077
goods=0.36503009185936025
arrow=0.4263085399449036
scale=0.6060606060606061
grave_photo=1.0000000000000002
skeleton=0.4681984681984682
map=1.0000000000000002
skeleton_photo=1.0000000000000002
mAP=0.7414766681950719
[Epoch 96] Training cost: 8.284, CrossEntropy=1.697, SmoothL1=1.267
[Epoch 96] Validation: 
grave=1.0000000000000002
grave_cross_section=0.7431818181818183
goods=0.5730994152046783
arrow=0.32876663834607756
scale=0.5606060606060606
grave_photo=1.0000000000000002
skeleton=0.3712121212121211
map=1.0000000000000002
skeleton_photo=1.0000000000000002
mAP=0.7307628948389729
[Epoch 97] Training cost: 8.419, CrossEntropy=1.734, SmoothL1=1.280
[Epoch 97] Validation: 
grave=1.0000000000000002
grave_cross_section=0.8109769018859926
goods=0.3939393939393939
arrow=0.4909995477159657
scale=0.7878787878787878
grave_photo=1.0000000000000002
skeleton=0.5596969696969697
map=1.0000000000000002
skeleton_photo=1.0000000000000002
mAP=0.7826101779019012
[Epoch 98] Training cost: 9.202, CrossEntropy=1.707, SmoothL1=1.406
[Epoch 98] Validation: 
grave=0.9790209790209793
grave_cross_section=0.7364996114996114
goods=0.11633986928104574
arrow=0.4820927462499748
scale=0.715909090909091
grave_photo=1.0000000000000002
skeleton=0.5719664174209629
map=1.0000000000000002
skeleton_photo=1.0000000000000002
mAP=0.7335365238201851
[Epoch 99] Training cost: 9.108, CrossEntropy=1.625, SmoothL1=1.115
[Epoch 99] Validation: 
grave=0.9790209790209793
grave_cross_section=0.8156565656565655
goods=0.5562770562770563
arrow=0.5275190406741208
scale=0.7352647352647353
grave_photo=1.0000000000000002
skeleton=0.5393939393939393
map=1.0000000000000002
skeleton_photo=1.0000000000000002
mAP=0.7947924795874886
[Epoch 100] Training cost: 8.604, CrossEntropy=1.708, SmoothL1=1.204
[Epoch 100] Validation: 
grave=1.0000000000000002
grave_cross_section=0.6421381648654376
goods=0.1668580794123629
arrow=0.457922077922078
scale=0.6457431457431458
grave_photo=1.0000000000000002
skeleton=0.6136363636363636
map=1.0000000000000002
skeleton_photo=1.0000000000000002
mAP=0.7251442035088209
[Epoch 101] Training cost: 7.342, CrossEntropy=1.655, SmoothL1=1.082
[Epoch 101] Validation: 
grave=1.0000000000000002
grave_cross_section=0.7352495543672014
goods=0.3749999999999999
arrow=0.41969696969696973
scale=0.5176639366105851
grave_photo=1.0000000000000002
skeleton=0.5142135642135642
map=1.0000000000000002
skeleton_photo=1.0000000000000002
mAP=0.7290915583209245
[Epoch 102] Training cost: 8.114, CrossEntropy=1.627, SmoothL1=1.238
[Epoch 102] Validation: 
grave=1.0000000000000002
grave_cross_section=0.8469308469308469
goods=0.9008264462809918
arrow=0.5476439031462954
scale=0.6593406593406594
grave_photo=1.0000000000000002
skeleton=0.6363636363636364
map=1.0000000000000002
skeleton_photo=1.0000000000000002
mAP=0.8434561657847145
[Epoch 103] Training cost: 8.805, CrossEntropy=1.773, SmoothL1=1.142
[Epoch 103] Validation: 
grave=1.0000000000000002
grave_cross_section=0.8558441558441559
goods=0.11716959511077157
arrow=0.5012707722385142
scale=0.7630147630147631
grave_photo=1.0000000000000002
skeleton=0.5946969696969696
map=1.0000000000000002
skeleton_photo=1.0000000000000002
mAP=0.759110695100575
[Epoch 104] Training cost: 8.105, CrossEntropy=1.707, SmoothL1=1.084
[Epoch 104] Validation: 
grave=1.0000000000000002
grave_cross_section=0.8467532467532467
goods=0.5984848484848485
arrow=0.43934701661974396
scale=0.7000000000000001
grave_photo=1.0000000000000002
skeleton=0.4630591630591631
map=1.0000000000000002
skeleton_photo=1.0000000000000002
mAP=0.7830715861018892
[Epoch 105] Training cost: 8.549, CrossEntropy=1.701, SmoothL1=1.154
[Epoch 105] Validation: 
grave=1.0000000000000002
grave_cross_section=0.7138429752066116
goods=0.5986201298701299
arrow=0.48141233766233765
scale=0.615909090909091
grave_photo=1.0000000000000002
skeleton=0.4374065328610783
map=1.0000000000000002
skeleton_photo=1.0000000000000002
mAP=0.7607990073899166
[Epoch 106] Training cost: 7.951, CrossEntropy=1.607, SmoothL1=1.109
[Epoch 106] Validation: 
grave=1.0000000000000002
grave_cross_section=0.836284927194018
goods=0.14591291061879297
arrow=0.508096849387172
scale=0.7685950413223142
grave_photo=1.0000000000000002
skeleton=0.5773932506887052
map=1.0000000000000002
skeleton_photo=1.0000000000000002
mAP=0.7595869976901115
[Epoch 107] Training cost: 7.764, CrossEntropy=1.731, SmoothL1=1.274
[Epoch 107] Validation: 
grave=1.0000000000000002
grave_cross_section=0.7889118457300274
goods=0.5090909090909091
arrow=0.49153450971632795
scale=0.5917196439923713
grave_photo=1.0000000000000002
skeleton=0.5853010625737898
map=1.0000000000000002
skeleton_photo=1.0000000000000002
mAP=0.7740619967892697
[Epoch 108] Training cost: 8.390, CrossEntropy=1.514, SmoothL1=1.014
[Epoch 108] Validation: 
grave=1.0000000000000002
grave_cross_section=0.6608815426997245
goods=0.7448165869218499
arrow=0.3743121754630706
scale=0.711197893016075
grave_photo=1.0000000000000002
skeleton=0.5359195402298851
map=1.0000000000000002
skeleton_photo=1.0000000000000002
mAP=0.7807919709256228
[Epoch 109] Training cost: 7.973, CrossEntropy=1.582, SmoothL1=0.968
[Epoch 109] Validation: 
grave=1.0000000000000002
grave_cross_section=0.7991276400367308
goods=0.2509297520661157
arrow=0.39177489177489183
scale=0.6469696969696969
grave_photo=1.0000000000000002
skeleton=0.5286491286491288
map=1.0000000000000002
skeleton_photo=1.0000000000000002
mAP=0.7352723454996183
[Epoch 110] Training cost: 8.262, CrossEntropy=1.780, SmoothL1=1.204
[Epoch 110] Validation: 
grave=1.0000000000000002
grave_cross_section=0.8363636363636363
goods=0.4939393939393939
arrow=0.6712863082543934
scale=0.5962068234795508
grave_photo=1.0000000000000002
skeleton=0.6935916542473919
map=1.0000000000000002
skeleton_photo=1.0000000000000002
mAP=0.810154201809374
[Epoch 111] Training cost: 9.633, CrossEntropy=1.631, SmoothL1=1.160
[Epoch 111] Validation: 
grave=1.0000000000000002
grave_cross_section=0.7529843893480256
goods=0.5336363636363637
arrow=0.48863636363636365
scale=0.5405559352927773
grave_photo=1.0000000000000002
skeleton=0.4835858585858585
map=1.0000000000000002
skeleton_photo=1.0000000000000002
mAP=0.7554887678332656
[Epoch 112] Training cost: 8.667, CrossEntropy=1.647, SmoothL1=1.168
[Epoch 112] Validation: 
grave=1.0000000000000002
grave_cross_section=0.7227272727272729
goods=0.8000000000000002
arrow=0.49267399267399264
scale=0.7832167832167833
grave_photo=1.0000000000000002
skeleton=0.6462809917355372
map=1.0000000000000002
skeleton_photo=1.0000000000000002
mAP=0.8272110044837319
[Epoch 113] Training cost: 9.046, CrossEntropy=1.596, SmoothL1=1.155
[Epoch 113] Validation: 
grave=1.0000000000000002
grave_cross_section=0.6965367965367966
goods=0.5749385749385749
arrow=0.48484848484848486
scale=0.5415653864851726
grave_photo=1.0000000000000002
skeleton=0.5823376623376624
map=1.0000000000000002
skeleton_photo=1.0000000000000002
mAP=0.7644696561274102
[Epoch 114] Training cost: 7.794, CrossEntropy=1.555, SmoothL1=1.068
[Epoch 114] Validation: 
grave=1.0000000000000002
grave_cross_section=0.8295454545454544
goods=0.46260477111540943
arrow=0.6533231474407946
scale=0.5151515151515151
grave_photo=1.0000000000000002
skeleton=0.6027251437087504
map=1.0000000000000002
skeleton_photo=1.0000000000000002
mAP=0.7848166702179916
[Epoch 115] Training cost: 8.496, CrossEntropy=1.516, SmoothL1=1.113
[Epoch 115] Validation: 
grave=1.0000000000000002
grave_cross_section=0.7828938738029646
goods=0.30955553607434033
arrow=0.5644887376438178
scale=0.715909090909091
grave_photo=1.0000000000000002
skeleton=0.5343434343434343
map=1.0000000000000002
skeleton_photo=1.0000000000000002
mAP=0.7674656303081833
[Epoch 116] Training cost: 7.739, CrossEntropy=1.631, SmoothL1=1.041
[Epoch 116] Validation: 
grave=1.0000000000000002
grave_cross_section=0.8296650717703349
goods=0.7469696969696971
arrow=0.6105731556579015
scale=0.7575757575757576
grave_photo=1.0000000000000002
skeleton=0.4219847376587189
map=1.0000000000000002
skeleton_photo=1.0000000000000002
mAP=0.8185298244036012
[Epoch 117] Training cost: 8.287, CrossEntropy=1.530, SmoothL1=1.035
[Epoch 117] Validation: 
grave=1.0000000000000002
grave_cross_section=0.8517482517482516
goods=0.4398034398034399
arrow=0.5644682115270351
scale=0.6463536463536464
grave_photo=1.0000000000000002
skeleton=0.47474747474747475
map=1.0000000000000002
skeleton_photo=1.0000000000000002
mAP=0.7752356693533166
[Epoch 118] Training cost: 8.212, CrossEntropy=1.641, SmoothL1=1.131
[Epoch 118] Validation: 
grave=1.0000000000000002
grave_cross_section=0.8414141414141414
goods=0.4740259740259741
arrow=0.6134592680047226
scale=0.4873251748251749
grave_photo=1.0000000000000002
skeleton=0.6329732767232767
map=1.0000000000000002
skeleton_photo=1.0000000000000002
mAP=0.7832442038881434
[Epoch 119] Training cost: 9.123, CrossEntropy=1.658, SmoothL1=1.221
[Epoch 119] Validation: 
grave=1.0000000000000002
grave_cross_section=0.8426573426573425
goods=0.2388595656312192
arrow=0.622002997002997
scale=0.7685950413223142
grave_photo=1.0000000000000002
skeleton=0.45151515151515154
map=1.0000000000000002
skeleton_photo=1.0000000000000002
mAP=0.7692922331254473
[Epoch 120] Training cost: 8.882, CrossEntropy=1.634, SmoothL1=1.162
[Epoch 120] Validation: 
grave=1.0000000000000002
grave_cross_section=0.7727272727272726
goods=0.5606060606060606
arrow=0.4750000000000001
scale=0.6698564593301436
grave_photo=1.0000000000000002
skeleton=0.5460183227625088
map=1.0000000000000002
skeleton_photo=1.0000000000000002
mAP=0.7804675683806652
[Epoch 121] Training cost: 9.311, CrossEntropy=1.572, SmoothL1=1.127
[Epoch 121] Validation: 
grave=1.0000000000000002
grave_cross_section=0.8295454545454544
goods=0.5016469038208168
arrow=0.5010128018149409
scale=0.6764069264069265
grave_photo=1.0000000000000002
skeleton=0.4560733384262797
map=1.0000000000000002
skeleton_photo=1.0000000000000002
mAP=0.7738539361127132
[Epoch 122] Training cost: 8.196, CrossEntropy=1.431, SmoothL1=1.043
[Epoch 122] Validation: 
grave=1.0000000000000002
grave_cross_section=0.8424242424242423
goods=0.43696060037523454
arrow=0.48961644416189876
scale=0.642266824085006
grave_photo=1.0000000000000002
skeleton=0.41750976296430836
map=1.0000000000000002
skeleton_photo=1.0000000000000002
mAP=0.7587530971122989
[Epoch 123] Training cost: 10.051, CrossEntropy=1.689, SmoothL1=1.189
[Epoch 123] Validation: 
grave=0.9860139860139863
grave_cross_section=0.8261839170930079
goods=0.2597402597402597
arrow=0.4345624020287737
scale=0.6913731913731915
grave_photo=1.0000000000000002
skeleton=0.5332847930101934
map=1.0000000000000002
skeleton_photo=1.0000000000000002
mAP=0.7479065054732681
[Epoch 124] Training cost: 9.709, CrossEntropy=1.672, SmoothL1=1.175
[Epoch 124] Validation: 
grave=1.0000000000000002
grave_cross_section=0.8180670339761247
goods=0.1951139769321587
arrow=0.48638028638028635
scale=0.685930735930736
grave_photo=1.0000000000000002
skeleton=0.5662225705329154
map=1.0000000000000002
skeleton_photo=1.0000000000000002
mAP=0.7501905115280246
[Epoch 125] Training cost: 9.104, CrossEntropy=1.620, SmoothL1=1.102
[Epoch 125] Validation: 
grave=1.0000000000000002
grave_cross_section=0.7887529137529137
goods=0.2506493506493507
arrow=0.37987012987012986
scale=0.6181818181818182
grave_photo=1.0000000000000002
skeleton=0.6060606060606061
map=1.0000000000000002
skeleton_photo=1.0000000000000002
mAP=0.7381683131683132
[Epoch 126] Training cost: 8.158, CrossEntropy=1.527, SmoothL1=1.122
[Epoch 126] Validation: 
grave=1.0000000000000002
grave_cross_section=0.8005050505050503
goods=0.5641873278236913
arrow=0.4978566149297856
scale=0.5826446280991736
grave_photo=1.0000000000000002
skeleton=0.4784688995215311
map=1.0000000000000002
skeleton_photo=1.0000000000000002
mAP=0.769295835653248
[Epoch 127] Training cost: 9.472, CrossEntropy=1.549, SmoothL1=1.223
[Epoch 127] Validation: 
grave=0.9790209790209793
grave_cross_section=0.8484848484848485
goods=0.5930069930069932
arrow=0.44423076923076926
scale=0.7556080283353012
grave_photo=1.0000000000000002
skeleton=0.5555555555555556
map=1.0000000000000002
skeleton_photo=1.0000000000000002
mAP=0.7973230192927164
[Epoch 128] Training cost: 8.705, CrossEntropy=1.462, SmoothL1=1.137
[Epoch 128] Validation: 
grave=0.9860139860139863
grave_cross_section=0.803030303030303
goods=0.47045454545454546
arrow=0.5204545454545455
scale=0.5085326953748007
grave_photo=1.0000000000000002
skeleton=0.539481774264383
map=1.0000000000000002
skeleton_photo=1.0000000000000002
mAP=0.7586630943991738
[Epoch 129] Training cost: 10.061, CrossEntropy=1.481, SmoothL1=1.149
[Epoch 129] Validation: 
grave=1.0000000000000002
grave_cross_section=0.8608391608391608
goods=0.6696969696969698
arrow=0.6181818181818183
scale=0.5874353288987435
grave_photo=1.0000000000000002
skeleton=0.5131118881118881
map=1.0000000000000002
skeleton_photo=1.0000000000000002
mAP=0.8054739073031757
[Epoch 130] Training cost: 9.061, CrossEntropy=1.285, SmoothL1=0.871
[Epoch 130] Validation: 
grave=1.0000000000000002
grave_cross_section=0.8606060606060606
goods=0.2090909090909091
arrow=0.5761363636363637
scale=0.520449247721975
grave_photo=1.0000000000000002
skeleton=0.5812752219531883
map=1.0000000000000002
skeleton_photo=1.0000000000000002
mAP=0.7497286447787219
[Epoch 131] Training cost: 7.680, CrossEntropy=1.476, SmoothL1=0.965
[Epoch 131] Validation: 
grave=1.0000000000000002
grave_cross_section=0.8383838383838383
goods=0.48863636363636365
arrow=0.48443526170798895
scale=0.7630147630147631
grave_photo=1.0000000000000002
skeleton=0.49386892177589864
map=1.0000000000000002
skeleton_photo=1.0000000000000002
mAP=0.7853710165020948
[Epoch 132] Training cost: 8.918, CrossEntropy=1.544, SmoothL1=1.155
[Epoch 132] Validation: 
grave=1.0000000000000002
grave_cross_section=0.8216072205306656
goods=0.5494949494949497
arrow=0.5608316295677716
scale=0.5397727272727273
grave_photo=1.0000000000000002
skeleton=0.45026564344746167
map=1.0000000000000002
skeleton_photo=1.0000000000000002
mAP=0.7691080189237307
[Epoch 133] Training cost: 8.686, CrossEntropy=1.510, SmoothL1=1.142
[Epoch 133] Validation: 
grave=0.9930069930069932
grave_cross_section=0.884297520661157
goods=0.5598086124401915
arrow=0.5983430362740708
scale=0.773186409550046
grave_photo=1.0000000000000002
skeleton=0.44172494172494176
map=1.0000000000000002
skeleton_photo=1.0000000000000002
mAP=0.805596390406378
[Epoch 134] Training cost: 8.400, CrossEntropy=1.454, SmoothL1=1.051
[Epoch 134] Validation: 
grave=0.9860139860139863
grave_cross_section=0.8311789220880128
goods=0.7012987012987014
arrow=0.44883685338230794
scale=0.7727272727272728
grave_photo=1.0000000000000002
skeleton=0.5151515151515151
map=1.0000000000000002
skeleton_photo=0.08333333333333331
mAP=0.70428228711057
[Epoch 135] Training cost: 9.404, CrossEntropy=1.603, SmoothL1=1.116
[Epoch 135] Validation: 
grave=1.0000000000000002
grave_cross_section=0.740909090909091
goods=0.19696969696969696
arrow=0.5025252525252525
scale=0.7354978354978355
grave_photo=1.0000000000000002
skeleton=0.5247236634333409
map=1.0000000000000002
skeleton_photo=1.0000000000000002
mAP=0.7445139488150241
[Epoch 136] Training cost: 8.627, CrossEntropy=1.527, SmoothL1=1.139
[Epoch 136] Validation: 
grave=1.0000000000000002
grave_cross_section=0.8484848484848485
goods=0.3652694610778443
arrow=0.5770750988142294
scale=0.7451298701298703
grave_photo=1.0000000000000002
skeleton=0.5763293310463121
map=1.0000000000000002
skeleton_photo=1.0000000000000002
mAP=0.7902542899503451
[Epoch 137] Training cost: 8.889, CrossEntropy=1.617, SmoothL1=1.247
[Epoch 137] Validation: 
grave=1.0000000000000002
grave_cross_section=0.7356643356643358
goods=0.4764568764568765
arrow=0.4154958677685951
scale=0.6575757575757576
grave_photo=1.0000000000000002
skeleton=0.5739279588336192
map=1.0000000000000002
skeleton_photo=1.0000000000000002
mAP=0.7621245329221317
[Epoch 138] Training cost: 8.805, CrossEntropy=1.329, SmoothL1=0.943
[Epoch 138] Validation: 
grave=0.9860139860139863
grave_cross_section=0.8677685950413221
goods=0.5454545454545455
arrow=0.5555555555555556
scale=0.6121212121212121
grave_photo=1.0000000000000002
skeleton=0.5272727272727273
map=1.0000000000000002
skeleton_photo=1.0000000000000002
mAP=0.7882429579399277
[Epoch 139] Training cost: 8.946, CrossEntropy=1.524, SmoothL1=1.197
[Epoch 139] Validation: 
grave=0.9930069930069932
grave_cross_section=0.7662337662337664
goods=0.448798328108673
arrow=0.5151515151515151
scale=0.6363636363636365
grave_photo=1.0000000000000002
skeleton=0.4481658692185008
map=1.0000000000000002
skeleton_photo=1.0000000000000002
mAP=0.756413345342565
[Epoch 140] Training cost: 8.709, CrossEntropy=1.557, SmoothL1=0.985
[Epoch 140] Validation: 
grave=1.0000000000000002
grave_cross_section=0.6810966810966811
goods=0.5454545454545455
arrow=0.40167809718371517
scale=0.5861471861471862
grave_photo=1.0000000000000002
skeleton=0.5430236430236429
map=1.0000000000000002
skeleton_photo=1.0000000000000002
mAP=0.7508222392117525
[Epoch 141] Training cost: 7.819, CrossEntropy=1.409, SmoothL1=0.909
[Epoch 141] Validation: 
grave=1.0000000000000002
grave_cross_section=0.7885101010101009
goods=0.659090909090909
arrow=0.5075757575757576
scale=0.7757575757575759
grave_photo=1.0000000000000002
skeleton=0.5385674931129476
map=1.0000000000000002
skeleton_photo=0.5000000000000001
mAP=0.7521668707274769
[Epoch 142] Training cost: 8.749, CrossEntropy=1.546, SmoothL1=1.149
[Epoch 142] Validation: 
grave=1.0000000000000002
grave_cross_section=0.8218549127640035
goods=0.8181818181818183
arrow=0.5046751001807183
scale=0.7396694214876034
grave_photo=1.0000000000000002
skeleton=0.6515151515151515
map=1.0000000000000002
skeleton_photo=1.0000000000000002
mAP=0.837321822681033
[Epoch 143] Training cost: 8.619, CrossEntropy=1.437, SmoothL1=0.909
[Epoch 143] Validation: 
grave=1.0000000000000002
grave_cross_section=0.8426573426573425
goods=0.3280844155844156
arrow=0.5969363969363969
scale=0.7636363636363638
grave_photo=1.0000000000000002
skeleton=0.6551226551226552
map=1.0000000000000002
skeleton_photo=1.0000000000000002
mAP=0.7984930193263529
[Epoch 144] Training cost: 8.533, CrossEntropy=1.463, SmoothL1=1.074
[Epoch 144] Validation: 
grave=0.9930069930069932
grave_cross_section=0.8426573426573425
goods=0.303030303030303
arrow=0.6378409090909091
scale=0.7236842105263159
grave_photo=1.0000000000000002
skeleton=0.6594844549390004
map=1.0000000000000002
skeleton_photo=0.5000000000000001
mAP=0.7399671348056517
[Epoch 145] Training cost: 10.706, CrossEntropy=1.611, SmoothL1=1.200
[Epoch 145] Validation: 
grave=0.9930069930069932
grave_cross_section=0.8595041322314048
goods=0.5565862708719851
arrow=0.6115842263383247
scale=0.5984848484848485
grave_photo=1.0000000000000002
skeleton=0.5333333333333332
map=1.0000000000000002
skeleton_photo=1.0000000000000002
mAP=0.7947222004740988
[Epoch 146] Training cost: 9.474, CrossEntropy=1.501, SmoothL1=1.029
[Epoch 146] Validation: 
grave=1.0000000000000002
grave_cross_section=0.815151515151515
goods=0.5090909090909091
arrow=0.3304195804195804
scale=0.4712918660287081
grave_photo=1.0000000000000002
skeleton=0.5826446280991734
map=1.0000000000000002
skeleton_photo=1.0000000000000002
mAP=0.7453998331988764
[Epoch 147] Training cost: 9.675, CrossEntropy=1.707, SmoothL1=1.090
[Epoch 147] Validation: 
grave=1.0000000000000002
grave_cross_section=0.7947552447552447
goods=0.11783209268702499
arrow=0.46742424242424246
scale=0.6045066045066045
grave_photo=1.0000000000000002
skeleton=0.5501196172248805
map=1.0000000000000002
skeleton_photo=1.0000000000000002
mAP=0.726070866844222
[Epoch 148] Training cost: 9.006, CrossEntropy=1.578, SmoothL1=1.043
[Epoch 148] Validation: 
grave=1.0000000000000002
grave_cross_section=0.8055555555555554
goods=0.40605063795853275
arrow=0.5454545454545455
scale=0.7395382395382396
grave_photo=1.0000000000000002
skeleton=0.4470355731225297
map=1.0000000000000002
skeleton_photo=1.0000000000000002
mAP=0.7715149501810449
[Epoch 149] Training cost: 9.050, CrossEntropy=1.462, SmoothL1=1.109
[Epoch 149] Validation: 
grave=1.0000000000000002
grave_cross_section=0.8383838383838383
goods=0.3062388591800356
arrow=0.48152455942409483
scale=0.5151515151515151
grave_photo=1.0000000000000002
skeleton=0.45358851674641154
map=1.0000000000000002
skeleton_photo=1.0000000000000002
mAP=0.7327652543206552
[Epoch 150] Training cost: 9.384, CrossEntropy=1.409, SmoothL1=1.089
[Epoch 150] Validation: 
grave=1.0000000000000002
grave_cross_section=0.8261839170930079
goods=0.5454545454545455
arrow=0.5708382526564345
scale=0.7606060606060606
grave_photo=1.0000000000000002
skeleton=0.583509513742072
map=1.0000000000000002
skeleton_photo=1.0000000000000002
mAP=0.8096213655057913
[Epoch 151] Training cost: 8.940, CrossEntropy=1.516, SmoothL1=1.060
[Epoch 151] Validation: 
grave=0.9860139860139863
grave_cross_section=0.8575757575757575
goods=0.7164818920916483
arrow=0.5482683982683983
scale=0.7445887445887446
grave_photo=1.0000000000000002
skeleton=0.5559440559440559
map=1.0000000000000002
skeleton_photo=1.0000000000000002
mAP=0.823208092720288
[Epoch 152] Training cost: 8.373, CrossEntropy=1.432, SmoothL1=0.967
[Epoch 152] Validation: 
grave=1.0000000000000002
grave_cross_section=0.78498023715415
goods=0.3511586452762923
arrow=0.7217844406005083
scale=0.7685950413223142
grave_photo=1.0000000000000002
skeleton=0.5316017316017315
map=1.0000000000000002
skeleton_photo=1.0000000000000002
mAP=0.795346677328333
[Epoch 153] Training cost: 8.438, CrossEntropy=1.422, SmoothL1=0.952
[Epoch 153] Validation: 
grave=1.0000000000000002
grave_cross_section=0.8147247879868199
goods=0.4994374437443745
arrow=0.6460925039872408
scale=0.7886363636363638
grave_photo=1.0000000000000002
skeleton=0.5581475128644939
map=1.0000000000000002
skeleton_photo=1.0000000000000002
mAP=0.8118931791354771
[Epoch 154] Training cost: 9.637, CrossEntropy=1.389, SmoothL1=1.047
[Epoch 154] Validation: 
grave=1.0000000000000002
grave_cross_section=0.8376623376623376
goods=0.591100076394194
arrow=0.7223071046600458
scale=0.6565656565656566
grave_photo=1.0000000000000002
skeleton=0.5449035812672177
map=1.0000000000000002
skeleton_photo=1.0000000000000002
mAP=0.8169487507277169
[Epoch 155] Training cost: 9.103, CrossEntropy=1.572, SmoothL1=1.136
[Epoch 155] Validation: 
grave=1.0000000000000002
grave_cross_section=0.8760330578512396
goods=0.4545454545454546
arrow=0.7041780587833221
scale=0.7886363636363638
grave_photo=1.0000000000000002
skeleton=0.5151515151515151
map=1.0000000000000002
skeleton_photo=1.0000000000000002
mAP=0.8153938277742108
[Epoch 156] Training cost: 8.824, CrossEntropy=1.475, SmoothL1=1.047
[Epoch 156] Validation: 
grave=1.0000000000000002
grave_cross_section=0.8401875901875903
goods=0.3399577167019027
arrow=0.41612611986943543
scale=0.8000000000000002
grave_photo=1.0000000000000002
skeleton=0.4882498453927025
map=1.0000000000000002
skeleton_photo=1.0000000000000002
mAP=0.764946808016848
[Epoch 157] Training cost: 8.849, CrossEntropy=1.537, SmoothL1=1.062
[Epoch 157] Validation: 
grave=1.0000000000000002
grave_cross_section=0.8343434343434345
goods=0.4867588932806323
arrow=0.5833333333333333
scale=0.787878787878788
grave_photo=1.0000000000000002
skeleton=0.43415977961432495
map=1.0000000000000002
skeleton_photo=1.0000000000000002
mAP=0.7918304698278349
[Epoch 158] Training cost: 8.118, CrossEntropy=1.286, SmoothL1=0.879
[Epoch 158] Validation: 
grave=1.0000000000000002
grave_cross_section=0.8450278182898504
goods=0.8317503392130259
arrow=0.5054112554112554
scale=0.715909090909091
grave_photo=1.0000000000000002
skeleton=0.5187688018196494
map=1.0000000000000002
skeleton_photo=1.0000000000000002
mAP=0.8240963672936525
[Epoch 159] Training cost: 9.588, CrossEntropy=1.447, SmoothL1=1.019
[Epoch 159] Validation: 
grave=1.0000000000000002
grave_cross_section=0.8324314574314574
goods=0.3063467864880045
arrow=0.4941314324772972
scale=0.6893939393939394
grave_photo=1.0000000000000002
skeleton=0.6207792207792209
map=1.0000000000000002
skeleton_photo=1.0000000000000002
mAP=0.771453648507769
[Epoch 160] Set learning rate to 0.0001
[Epoch 160] Training cost: 9.389, CrossEntropy=1.594, SmoothL1=1.136
[Epoch 160] Validation: 
grave=1.0000000000000002
grave_cross_section=0.838269054178145
goods=0.2609352953033662
arrow=0.40100544616673656
scale=0.694214876033058
grave_photo=1.0000000000000002
skeleton=0.591919191919192
map=0.6969696969696969
skeleton_photo=1.0000000000000002
mAP=0.7203681733966883
[Epoch 161] Training cost: 8.362, CrossEntropy=1.347, SmoothL1=0.944
[Epoch 161] Validation: 
grave=1.0000000000000002
grave_cross_section=0.8666666666666667
goods=0.7458256029684601
arrow=0.6074832835396214
scale=0.773186409550046
grave_photo=1.0000000000000002
skeleton=0.56993006993007
map=0.6969696969696969
skeleton_photo=1.0000000000000002
mAP=0.8066735255138402
[Epoch 162] Training cost: 9.171, CrossEntropy=1.506, SmoothL1=1.076
[Epoch 162] Validation: 
grave=1.0000000000000002
grave_cross_section=0.8608391608391608
goods=0.8000000000000002
arrow=0.41853600944510033
scale=0.773186409550046
grave_photo=1.0000000000000002
skeleton=0.5840909090909092
map=0.7272727272727274
skeleton_photo=1.0000000000000002
mAP=0.7959916906886605
[Epoch 163] Training cost: 10.309, CrossEntropy=1.444, SmoothL1=0.962
[Epoch 163] Validation: 
grave=1.0000000000000002
grave_cross_section=0.8760330578512396
goods=0.7409090909090907
arrow=0.36820186818889467
scale=0.773186409550046
grave_photo=1.0000000000000002
skeleton=0.5934952978056428
map=0.7272727272727274
skeleton_photo=1.0000000000000002
mAP=0.7865664946197379
[Epoch 164] Training cost: 8.061, CrossEntropy=1.439, SmoothL1=0.911
[Epoch 164] Validation: 
grave=1.0000000000000002
grave_cross_section=0.8666666666666667
goods=0.8531468531468533
arrow=0.45542635658914726
scale=0.773186409550046
grave_photo=1.0000000000000002
skeleton=0.5938311688311689
map=0.7272727272727274
skeleton_photo=1.0000000000000002
mAP=0.8077255757840677
[Epoch 165] Training cost: 8.325, CrossEntropy=1.274, SmoothL1=0.825
[Epoch 165] Validation: 
grave=1.0000000000000002
grave_cross_section=0.8760330578512396
goods=0.8518518518518521
arrow=0.5429292929292928
scale=0.773186409550046
grave_photo=1.0000000000000002
skeleton=0.5940082644628101
map=0.6212121212121212
skeleton_photo=1.0000000000000002
mAP=0.8065801108730404
[Epoch 166] Training cost: 9.975, CrossEntropy=1.268, SmoothL1=0.813
[Epoch 166] Validation: 
grave=1.0000000000000002
grave_cross_section=0.8666666666666667
goods=0.8000000000000002
arrow=0.508869179600887
scale=0.773186409550046
grave_photo=1.0000000000000002
skeleton=0.5620946305156833
map=0.6212121212121212
skeleton_photo=1.0000000000000002
mAP=0.7924476675050449
[Epoch 167] Training cost: 8.531, CrossEntropy=1.352, SmoothL1=0.876
[Epoch 167] Validation: 
grave=1.0000000000000002
grave_cross_section=0.8666666666666667
goods=0.8344155844155845
arrow=0.5503159941662616
scale=0.7820247933884299
grave_photo=1.0000000000000002
skeleton=0.597979797979798
map=1.0000000000000002
skeleton_photo=1.0000000000000002
mAP=0.8479336485129713
[Epoch 168] Training cost: 8.417, CrossEntropy=1.252, SmoothL1=0.870
[Epoch 168] Validation: 
grave=1.0000000000000002
grave_cross_section=0.8760330578512396
goods=0.8356643356643358
arrow=0.5285583103764923
scale=0.773186409550046
grave_photo=1.0000000000000002
skeleton=0.597979797979798
map=1.0000000000000002
skeleton_photo=1.0000000000000002
mAP=0.8457135457135458
[Epoch 169] Training cost: 8.598, CrossEntropy=1.303, SmoothL1=0.743
[Epoch 169] Validation: 
grave=1.0000000000000002
grave_cross_section=0.8558441558441559
goods=0.8350168350168352
arrow=0.5324675324675325
scale=0.773186409550046
grave_photo=1.0000000000000002
skeleton=0.5614877674460594
map=1.0000000000000002
skeleton_photo=1.0000000000000002
mAP=0.8397780778138478
[Epoch 170] Training cost: 7.742, CrossEntropy=1.416, SmoothL1=1.033
[Epoch 170] Validation: 
grave=1.0000000000000002
grave_cross_section=0.8558441558441559
goods=0.8326118326118328
arrow=0.5183899511922005
scale=0.781818181818182
grave_photo=1.0000000000000002
skeleton=0.5608743457800063
map=1.0000000000000002
skeleton_photo=1.0000000000000002
mAP=0.8388376074718198
[Epoch 171] Training cost: 7.913, CrossEntropy=1.158, SmoothL1=0.804
[Epoch 171] Validation: 
grave=1.0000000000000002
grave_cross_section=0.8585858585858587
goods=0.7223707664884134
arrow=0.5174503657262278
scale=0.7685950413223142
grave_photo=1.0000000000000002
skeleton=0.5788770053475937
map=1.0000000000000002
skeleton_photo=1.0000000000000002
mAP=0.8273198930522676
[Epoch 172] Training cost: 7.131, CrossEntropy=1.272, SmoothL1=0.808
[Epoch 172] Validation: 
grave=1.0000000000000002
grave_cross_section=0.8585858585858587
goods=0.835334476843911
arrow=0.5242424242424243
scale=0.773186409550046
grave_photo=1.0000000000000002
skeleton=0.5601010101010101
map=1.0000000000000002
skeleton_photo=1.0000000000000002
mAP=0.8390500199248057
[Epoch 173] Training cost: 8.682, CrossEntropy=1.272, SmoothL1=0.888
[Epoch 173] Validation: 
grave=1.0000000000000002
grave_cross_section=0.8257575757575757
goods=0.8371212121212124
arrow=0.5286195286195287
scale=0.7685950413223142
grave_photo=1.0000000000000002
skeleton=0.5611135276207048
map=1.0000000000000002
skeleton_photo=1.0000000000000002
mAP=0.8356896539379262
[Epoch 174] Training cost: 7.116, CrossEntropy=1.338, SmoothL1=0.840
[Epoch 174] Validation: 
grave=1.0000000000000002
grave_cross_section=0.836284927194018
goods=0.8363636363636364
arrow=0.5294117647058824
scale=0.7685950413223142
grave_photo=1.0000000000000002
skeleton=0.5765135498750722
map=1.0000000000000002
skeleton_photo=1.0000000000000002
mAP=0.838574324384547
[Epoch 175] Training cost: 8.681, CrossEntropy=1.320, SmoothL1=0.902
[Epoch 175] Validation: 
grave=1.0000000000000002
grave_cross_section=0.8463859372950282
goods=0.8333333333333335
arrow=0.5421487603305786
scale=0.7685950413223142
grave_photo=1.0000000000000002
skeleton=0.5637362637362638
map=1.0000000000000002
skeleton_photo=1.0000000000000002
mAP=0.8393554817797244
[Epoch 176] Training cost: 8.015, CrossEntropy=1.289, SmoothL1=0.939
[Epoch 176] Validation: 
grave=1.0000000000000002
grave_cross_section=0.8358585858585859
goods=0.8315508021390376
arrow=0.5512396694214876
scale=0.773186409550046
grave_photo=1.0000000000000002
skeleton=0.561943761943762
map=1.0000000000000002
skeleton_photo=1.0000000000000002
mAP=0.8393088032125468
[Epoch 177] Training cost: 8.346, CrossEntropy=1.146, SmoothL1=0.725
[Epoch 177] Validation: 
grave=1.0000000000000002
grave_cross_section=0.8515151515151514
goods=0.8338557993730409
arrow=0.5631357048748353
scale=0.7685950413223142
grave_photo=1.0000000000000002
skeleton=0.5639419404125288
map=1.0000000000000002
skeleton_photo=1.0000000000000002
mAP=0.8423381819442081
[Epoch 178] Training cost: 7.935, CrossEntropy=1.291, SmoothL1=0.883
[Epoch 178] Validation: 
grave=1.0000000000000002
grave_cross_section=0.8463859372950282
goods=0.8330849478390463
arrow=0.5176002448729722
scale=0.773186409550046
grave_photo=1.0000000000000002
skeleton=0.5777285045577729
map=1.0000000000000002
skeleton_photo=1.0000000000000002
mAP=0.838665116012763
[Epoch 179] Training cost: 7.597, CrossEntropy=1.326, SmoothL1=0.852
[Epoch 179] Validation: 
grave=1.0000000000000002
grave_cross_section=0.8401875901875903
goods=0.8341307814992027
arrow=0.5679522497704317
scale=0.773186409550046
grave_photo=1.0000000000000002
skeleton=0.5794790005316321
map=1.0000000000000002
skeleton_photo=1.0000000000000002
mAP=0.8438817812821005
[Epoch 180] Training cost: 9.409, CrossEntropy=1.266, SmoothL1=0.813
[Epoch 180] Validation: 
grave=1.0000000000000002
grave_cross_section=0.8319559228650136
goods=0.834710743801653
arrow=0.5171451355661882
scale=0.781818181818182
grave_photo=1.0000000000000002
skeleton=0.5628168477225082
map=1.0000000000000002
skeleton_photo=1.0000000000000002
mAP=0.8364940924192827
[Epoch 181] Training cost: 9.427, CrossEntropy=1.399, SmoothL1=0.902
[Epoch 181] Validation: 
grave=1.0000000000000002
grave_cross_section=0.8558441558441559
goods=0.834710743801653
arrow=0.5331168831168831
scale=0.781818181818182
grave_photo=1.0000000000000002
skeleton=0.5599173553719009
map=1.0000000000000002
skeleton_photo=1.0000000000000002
mAP=0.8406008133280862
[Epoch 182] Training cost: 9.668, CrossEntropy=1.355, SmoothL1=0.944
[Epoch 182] Validation: 
grave=1.0000000000000002
grave_cross_section=0.841279932189023
goods=0.8356643356643358
arrow=0.5253947930004268
scale=0.781818181818182
grave_photo=1.0000000000000002
skeleton=0.5943825042881647
map=1.0000000000000002
skeleton_photo=1.0000000000000002
mAP=0.8420599718844594
[Epoch 183] Training cost: 8.600, CrossEntropy=1.318, SmoothL1=0.867
[Epoch 183] Validation: 
grave=1.0000000000000002
grave_cross_section=0.8424242424242423
goods=0.5671526586620927
arrow=0.6361357940305309
scale=0.773186409550046
grave_photo=1.0000000000000002
skeleton=0.5987878787878788
map=1.0000000000000002
skeleton_photo=1.0000000000000002
mAP=0.8241874426060879
[Epoch 184] Training cost: 8.425, CrossEntropy=1.359, SmoothL1=0.954
[Epoch 184] Validation: 
grave=1.0000000000000002
grave_cross_section=0.8295454545454544
goods=0.8356643356643358
arrow=0.6222368540550359
scale=0.773186409550046
grave_photo=1.0000000000000002
skeleton=0.564378478664193
map=1.0000000000000002
skeleton_photo=1.0000000000000002
mAP=0.8472235036087852
[Epoch 185] Training cost: 9.517, CrossEntropy=1.228, SmoothL1=0.827
[Epoch 185] Validation: 
grave=1.0000000000000002
grave_cross_section=0.8295454545454544
goods=0.8350168350168352
arrow=0.5785680228862048
scale=0.773186409550046
grave_photo=1.0000000000000002
skeleton=0.5816161616161617
map=1.0000000000000002
skeleton_photo=1.0000000000000002
mAP=0.844214764846078
[Epoch 186] Training cost: 9.753, CrossEntropy=1.448, SmoothL1=0.968
[Epoch 186] Validation: 
grave=1.0000000000000002
grave_cross_section=0.8066378066378065
goods=0.7253246753246754
arrow=0.5268398268398269
scale=0.773186409550046
grave_photo=1.0000000000000002
skeleton=0.4806060606060606
map=1.0000000000000002
skeleton_photo=1.0000000000000002
mAP=0.8125105309953796
[Epoch 187] Training cost: 8.492, CrossEntropy=1.358, SmoothL1=0.893
[Epoch 187] Validation: 
grave=1.0000000000000002
grave_cross_section=0.8295454545454544
goods=0.8344155844155845
arrow=0.5748300552886794
scale=0.7685950413223142
grave_photo=1.0000000000000002
skeleton=0.5587412587412589
map=1.0000000000000002
skeleton_photo=1.0000000000000002
mAP=0.8406808215903658
[Epoch 188] Training cost: 8.361, CrossEntropy=1.311, SmoothL1=0.800
[Epoch 188] Validation: 
grave=1.0000000000000002
grave_cross_section=0.8285714285714284
goods=0.7239940387481372
arrow=0.5123966942148761
scale=0.7685950413223142
grave_photo=1.0000000000000002
skeleton=0.576216712580349
map=1.0000000000000002
skeleton_photo=1.0000000000000002
mAP=0.8233082128263451
[Epoch 189] Training cost: 8.809, CrossEntropy=1.201, SmoothL1=0.769
[Epoch 189] Validation: 
grave=1.0000000000000002
grave_cross_section=0.8204545454545452
goods=0.7250398724082936
arrow=0.5695395513577332
scale=0.773186409550046
grave_photo=1.0000000000000002
skeleton=0.5769230769230771
map=1.0000000000000002
skeleton_photo=1.0000000000000002
mAP=0.8294603839659662
[Epoch 190] Training cost: 9.528, CrossEntropy=1.418, SmoothL1=0.979
[Epoch 190] Validation: 
grave=1.0000000000000002
grave_cross_section=0.8333333333333331
goods=0.8328445747800588
arrow=0.6661157024793389
scale=0.773186409550046
grave_photo=1.0000000000000002
skeleton=0.5627518427518429
map=1.0000000000000002
skeleton_photo=1.0000000000000002
mAP=0.8520257625438467
[Epoch 191] Training cost: 7.760, CrossEntropy=1.190, SmoothL1=0.876
[Epoch 191] Validation: 
grave=1.0000000000000002
grave_cross_section=0.8376623376623376
goods=0.8311688311688312
arrow=0.5506742061765986
scale=0.7685950413223142
grave_photo=1.0000000000000002
skeleton=0.5601408634407201
map=1.0000000000000002
skeleton_photo=1.0000000000000002
mAP=0.8386934755300892
[Epoch 192] Training cost: 8.280, CrossEntropy=1.298, SmoothL1=0.855
[Epoch 192] Validation: 
grave=1.0000000000000002
grave_cross_section=0.8376623376623376
goods=0.8315508021390376
arrow=0.5707070707070707
scale=0.773186409550046
grave_photo=1.0000000000000002
skeleton=0.5575757575757575
map=1.0000000000000002
skeleton_photo=1.0000000000000002
mAP=0.84118693084825
[Epoch 193] Training cost: 9.615, CrossEntropy=1.200, SmoothL1=0.827
[Epoch 193] Validation: 
grave=1.0000000000000002
grave_cross_section=0.8333333333333331
goods=0.8311688311688312
arrow=0.578512396694215
scale=0.773186409550046
grave_photo=1.0000000000000002
skeleton=0.5581475128644939
map=1.0000000000000002
skeleton_photo=1.0000000000000002
mAP=0.8415942759567688
[Epoch 194] Training cost: 8.824, CrossEntropy=1.207, SmoothL1=0.846
[Epoch 194] Validation: 
grave=1.0000000000000002
grave_cross_section=0.8333333333333331
goods=0.8344155844155845
arrow=0.5532103017114343
scale=0.781818181818182
grave_photo=1.0000000000000002
skeleton=0.5589038868108637
map=1.0000000000000002
skeleton_photo=1.0000000000000002
mAP=0.840186809787711
[Epoch 195] Training cost: 9.698, CrossEntropy=1.348, SmoothL1=0.849
[Epoch 195] Validation: 
grave=1.0000000000000002
grave_cross_section=0.8517482517482516
goods=0.8326118326118328
arrow=0.5664371571945385
scale=0.7685950413223142
grave_photo=1.0000000000000002
skeleton=0.5757575757575757
map=1.0000000000000002
skeleton_photo=1.0000000000000002
mAP=0.8439055398482793
[Epoch 196] Training cost: 9.466, CrossEntropy=1.163, SmoothL1=0.742
[Epoch 196] Validation: 
grave=1.0000000000000002
grave_cross_section=0.8376623376623376
goods=0.8335901386748845
arrow=0.5609625668449197
scale=0.7685950413223142
grave_photo=1.0000000000000002
skeleton=0.5579837543117838
map=1.0000000000000002
skeleton_photo=1.0000000000000002
mAP=0.8398659820906934
[Epoch 197] Training cost: 8.973, CrossEntropy=1.254, SmoothL1=0.873
[Epoch 197] Validation: 
grave=1.0000000000000002
grave_cross_section=0.8376623376623376
goods=0.8330849478390463
arrow=0.5555555555555556
scale=0.7685950413223142
grave_photo=1.0000000000000002
skeleton=0.5601521285731814
map=1.0000000000000002
skeleton_photo=1.0000000000000002
mAP=0.8394500012169374
[Epoch 198] Training cost: 8.509, CrossEntropy=1.304, SmoothL1=0.942
[Epoch 198] Validation: 
grave=1.0000000000000002
grave_cross_section=0.8376623376623376
goods=0.8328445747800588
arrow=0.5573593073593074
scale=0.7685950413223142
grave_photo=1.0000000000000002
skeleton=0.5224714679260135
map=1.0000000000000002
skeleton_photo=1.0000000000000002
mAP=0.835436969894448
[Epoch 199] Training cost: 9.542, CrossEntropy=1.328, SmoothL1=0.901
[Epoch 199] Validation: 
grave=1.0000000000000002
grave_cross_section=0.8467532467532467
goods=0.8335901386748845
arrow=0.559168762726075
scale=0.773186409550046
grave_photo=1.0000000000000002
skeleton=0.5625379390085274
map=1.0000000000000002
skeleton_photo=1.0000000000000002
mAP=0.8416929440791978
[Epoch 200] Set learning rate to 1e-05
[Epoch 200] Training cost: 8.488, CrossEntropy=1.196, SmoothL1=0.826
[Epoch 200] Validation: 
grave=1.0000000000000002
grave_cross_section=0.8376623376623376
goods=0.8335901386748845
arrow=0.5655080213903743
scale=0.7685950413223142
grave_photo=1.0000000000000002
skeleton=0.5612779377485262
map=1.0000000000000002
skeleton_photo=1.0000000000000002
mAP=0.840737052977604
[Epoch 201] Training cost: 9.313, CrossEntropy=1.276, SmoothL1=0.901
[Epoch 201] Validation: 
grave=1.0000000000000002
grave_cross_section=0.8156565656565655
goods=0.8323863636363638
arrow=0.6062510989977141
scale=0.7685950413223142
grave_photo=1.0000000000000002
skeleton=0.5572150072150072
map=1.0000000000000002
skeleton_photo=1.0000000000000002
mAP=0.8422337863142183
[Epoch 202] Training cost: 7.673, CrossEntropy=1.146, SmoothL1=0.803
[Epoch 202] Validation: 
grave=1.0000000000000002
grave_cross_section=0.8167388167388167
goods=0.8367346938775513
arrow=0.5681818181818181
scale=0.7685950413223142
grave_photo=1.0000000000000002
skeleton=0.5484143763213531
map=1.0000000000000002
skeleton_photo=1.0000000000000002
mAP=0.8376294162713172
[Epoch 203] Training cost: 8.298, CrossEntropy=1.505, SmoothL1=0.962
[Epoch 203] Validation: 
grave=1.0000000000000002
grave_cross_section=0.8199855699855699
goods=0.8333333333333335
arrow=0.5650255217419398
scale=0.7685950413223142
grave_photo=1.0000000000000002
skeleton=0.5586580086580087
map=1.0000000000000002
skeleton_photo=1.0000000000000002
mAP=0.8383997194490185
[Epoch 204] Training cost: 8.060, CrossEntropy=1.178, SmoothL1=0.733
[Epoch 204] Validation: 
grave=1.0000000000000002
grave_cross_section=0.8311789220880128
goods=0.8341307814992027
arrow=0.5670995670995671
scale=0.7685950413223142
grave_photo=1.0000000000000002
skeleton=0.5777064465589058
map=1.0000000000000002
skeleton_photo=1.0000000000000002
mAP=0.8420789731742226
[Epoch 205] Training cost: 8.624, CrossEntropy=1.220, SmoothL1=0.964
[Epoch 205] Validation: 
grave=1.0000000000000002
grave_cross_section=0.8333333333333331
goods=0.8338557993730409
arrow=0.5557851239669421
scale=0.7685950413223142
grave_photo=1.0000000000000002
skeleton=0.5604895104895106
map=1.0000000000000002
skeleton_photo=1.0000000000000002
mAP=0.8391176453872379
[Epoch 206] Training cost: 8.004, CrossEntropy=1.115, SmoothL1=0.734
[Epoch 206] Validation: 
grave=1.0000000000000002
grave_cross_section=0.8426573426573425
goods=0.8367346938775513
arrow=0.5717703349282296
scale=0.7685950413223142
grave_photo=1.0000000000000002
skeleton=0.5601010101010101
map=1.0000000000000002
skeleton_photo=1.0000000000000002
mAP=0.8422064914318277
[Epoch 207] Training cost: 9.080, CrossEntropy=1.158, SmoothL1=0.761
[Epoch 207] Validation: 
grave=1.0000000000000002
grave_cross_section=0.8376623376623376
goods=0.831955922865014
arrow=0.564659582841401
scale=0.7685950413223142
grave_photo=1.0000000000000002
skeleton=0.561943761943762
map=1.0000000000000002
skeleton_photo=1.0000000000000002
mAP=0.8405351829594255
[Epoch 208] Training cost: 8.777, CrossEntropy=1.399, SmoothL1=0.973
[Epoch 208] Validation: 
grave=1.0000000000000002
grave_cross_section=0.8167388167388167
goods=0.8317503392130259
arrow=0.546772068511199
scale=0.7685950413223142
grave_photo=1.0000000000000002
skeleton=0.5612779377485262
map=1.0000000000000002
skeleton_photo=1.0000000000000002
mAP=0.8361260226148759
[Epoch 209] Training cost: 8.455, CrossEntropy=1.278, SmoothL1=0.857
[Epoch 209] Validation: 
grave=1.0000000000000002
grave_cross_section=0.8167388167388167
goods=0.8323863636363638
arrow=0.5286195286195287
scale=0.7685950413223142
grave_photo=1.0000000000000002
skeleton=0.5587059715186087
map=1.0000000000000002
skeleton_photo=1.0000000000000002
mAP=0.833893969092848
[Epoch 210] Training cost: 7.899, CrossEntropy=1.141, SmoothL1=0.641
[Epoch 210] Validation: 
grave=1.0000000000000002
grave_cross_section=0.8333333333333331
goods=0.8363636363636364
arrow=0.5733585858585859
scale=0.7685950413223142
grave_photo=1.0000000000000002
skeleton=0.5605001059546516
map=1.0000000000000002
skeleton_photo=1.0000000000000002
mAP=0.8413500780925024
[Epoch 211] Training cost: 7.957, CrossEntropy=1.306, SmoothL1=0.760
[Epoch 211] Validation: 
grave=1.0000000000000002
grave_cross_section=0.8517482517482516
goods=0.8333333333333335
arrow=0.5512396694214876
scale=0.7685950413223142
grave_photo=1.0000000000000002
skeleton=0.5781689574793025
map=1.0000000000000002
skeleton_photo=1.0000000000000002
mAP=0.8425650281449655
[Epoch 212] Training cost: 8.420, CrossEntropy=1.225, SmoothL1=0.849
[Epoch 212] Validation: 
grave=1.0000000000000002
grave_cross_section=0.8376623376623376
goods=0.8330849478390463
arrow=0.6326741440377804
scale=0.7685950413223142
grave_photo=1.0000000000000002
skeleton=0.5582254794947763
map=1.0000000000000002
skeleton_photo=1.0000000000000002
mAP=0.8478046611506951
[Epoch 213] Training cost: 8.946, CrossEntropy=1.239, SmoothL1=0.885
[Epoch 213] Validation: 
grave=1.0000000000000002
grave_cross_section=0.8517482517482516
goods=0.5700979348520331
arrow=0.5482093663911846
scale=0.7685950413223142
grave_photo=1.0000000000000002
skeleton=0.5626262626262627
map=1.0000000000000002
skeleton_photo=1.0000000000000002
mAP=0.8112529841044497
[Epoch 214] Training cost: 8.670, CrossEntropy=1.258, SmoothL1=0.816
[Epoch 214] Validation: 
grave=1.0000000000000002
grave_cross_section=0.8333333333333331
goods=0.8333333333333335
arrow=0.5591879384982834
scale=0.7685950413223142
grave_photo=1.0000000000000002
skeleton=0.5770169224714681
map=1.0000000000000002
skeleton_photo=1.0000000000000002
mAP=0.841274063217637
[Epoch 215] Training cost: 8.531, CrossEntropy=1.252, SmoothL1=0.879
[Epoch 215] Validation: 
grave=1.0000000000000002
grave_cross_section=0.8376623376623376
goods=0.8344155844155845
arrow=0.6398946732280065
scale=0.7685950413223142
grave_photo=1.0000000000000002
skeleton=0.548917748917749
map=1.0000000000000002
skeleton_photo=1.0000000000000002
mAP=0.8477205983939992
[Epoch 216] Training cost: 8.430, CrossEntropy=1.165, SmoothL1=0.833
[Epoch 216] Validation: 
grave=1.0000000000000002
grave_cross_section=0.8376623376623376
goods=0.8326118326118328
arrow=0.5452613153288322
scale=0.773186409550046
grave_photo=1.0000000000000002
skeleton=0.5580348943985308
map=1.0000000000000002
skeleton_photo=1.0000000000000002
mAP=0.8385285321723978
[Epoch 217] Training cost: 9.076, CrossEntropy=1.311, SmoothL1=1.026
[Epoch 217] Validation: 
grave=1.0000000000000002
grave_cross_section=0.8267288267288265
goods=0.8335901386748845
arrow=0.6513986013986014
scale=0.7685950413223142
grave_photo=1.0000000000000002
skeleton=0.5595466863759547
map=1.0000000000000002
skeleton_photo=1.0000000000000002
mAP=0.8488732549445092
[Epoch 218] Training cost: 8.073, CrossEntropy=1.251, SmoothL1=0.816
[Epoch 218] Validation: 
grave=1.0000000000000002
grave_cross_section=0.8426573426573425
goods=0.834710743801653
arrow=0.573444976076555
scale=0.773186409550046
grave_photo=1.0000000000000002
skeleton=0.5592093441150046
map=1.0000000000000002
skeleton_photo=1.0000000000000002
mAP=0.8425787573556225
[Epoch 219] Training cost: 8.200, CrossEntropy=1.258, SmoothL1=0.841
[Epoch 219] Validation: 
grave=1.0000000000000002
grave_cross_section=0.8104118104118102
goods=0.8328445747800588
arrow=0.5562200956937798
scale=0.773186409550046
grave_photo=1.0000000000000002
skeleton=0.5614877674460594
map=1.0000000000000002
skeleton_photo=1.0000000000000002
mAP=0.8371278508757505
[Epoch 220] Training cost: 9.356, CrossEntropy=1.261, SmoothL1=0.805
[Epoch 220] Validation: 
grave=1.0000000000000002
grave_cross_section=0.8199855699855699
goods=0.8323863636363638
arrow=0.553030303030303
scale=0.7606060606060606
grave_photo=1.0000000000000002
skeleton=0.5601010101010101
map=1.0000000000000002
skeleton_photo=1.0000000000000002
mAP=0.8362343674843675
[Epoch 221] Training cost: 9.052, CrossEntropy=1.312, SmoothL1=0.832
[Epoch 221] Validation: 
grave=1.0000000000000002
grave_cross_section=0.8267288267288265
goods=0.8321678321678323
arrow=0.5584366391184573
scale=0.7685950413223142
grave_photo=1.0000000000000002
skeleton=0.579295345802523
map=1.0000000000000002
skeleton_photo=1.0000000000000002
mAP=0.8405804094599949
[Epoch 222] Training cost: 8.442, CrossEntropy=1.384, SmoothL1=0.947
[Epoch 222] Validation: 
grave=1.0000000000000002
grave_cross_section=0.8426573426573425
goods=0.8333333333333335
arrow=0.5597613768345476
scale=0.7685950413223142
grave_photo=1.0000000000000002
skeleton=0.5594072594072595
map=1.0000000000000002
skeleton_photo=1.0000000000000002
mAP=0.8404171503949776
[Epoch 223] Training cost: 8.152, CrossEntropy=1.124, SmoothL1=0.637
[Epoch 223] Validation: 
grave=1.0000000000000002
grave_cross_section=0.8376623376623376
goods=0.8326118326118328
arrow=0.5700820918212223
scale=0.7685950413223142
grave_photo=1.0000000000000002
skeleton=0.5590187590187591
map=1.0000000000000002
skeleton_photo=1.0000000000000002
mAP=0.8408855624929408
[Epoch 224] Training cost: 9.200, CrossEntropy=1.463, SmoothL1=0.977
[Epoch 224] Validation: 
grave=1.0000000000000002
grave_cross_section=0.8156565656565655
goods=0.8321678321678323
arrow=0.6657242279251849
scale=0.773186409550046
grave_photo=1.0000000000000002
skeleton=0.5621052631578948
map=1.0000000000000002
skeleton_photo=1.0000000000000002
mAP=0.8498711442730582
[Epoch 225] Training cost: 8.446, CrossEntropy=1.231, SmoothL1=0.884
[Epoch 225] Validation: 
grave=1.0000000000000002
grave_cross_section=0.8484848484848484
goods=0.6474921630094044
arrow=0.5724827120931016
scale=0.7685950413223142
grave_photo=1.0000000000000002
skeleton=0.5602915951972556
map=1.0000000000000002
skeleton_photo=1.0000000000000002
mAP=0.8219273733452138
[Epoch 226] Training cost: 9.217, CrossEntropy=1.222, SmoothL1=0.810
[Epoch 226] Validation: 
grave=1.0000000000000002
grave_cross_section=0.8426573426573425
goods=0.8350168350168352
arrow=0.6021159874608151
scale=0.7685950413223142
grave_photo=1.0000000000000002
skeleton=0.5589038868108637
map=1.0000000000000002
skeleton_photo=1.0000000000000002
mAP=0.8452543436964635
[Epoch 227] Training cost: 8.036, CrossEntropy=1.331, SmoothL1=0.919
[Epoch 227] Validation: 
grave=1.0000000000000002
grave_cross_section=0.8376623376623376
goods=0.8330849478390463
arrow=0.546772068511199
scale=0.7685950413223142
grave_photo=1.0000000000000002
skeleton=0.5606837606837608
map=1.0000000000000002
skeleton_photo=1.0000000000000002
mAP=0.8385331284465176
[Epoch 228] Training cost: 7.877, CrossEntropy=1.363, SmoothL1=0.846
[Epoch 228] Validation: 
grave=1.0000000000000002
grave_cross_section=0.8376623376623376
goods=0.8344155844155845
arrow=0.5635300372142477
scale=0.7685950413223142
grave_photo=1.0000000000000002
skeleton=0.5786713286713288
map=1.0000000000000002
skeleton_photo=1.0000000000000002
mAP=0.8425415921428682
[Epoch 229] Training cost: 7.730, CrossEntropy=1.244, SmoothL1=0.819
[Epoch 229] Validation: 
grave=1.0000000000000002
grave_cross_section=0.8267288267288265
goods=0.8330849478390463
arrow=0.5588351042896498
scale=0.7685950413223142
grave_photo=1.0000000000000002
skeleton=0.5796695856278776
map=1.0000000000000002
skeleton_photo=1.0000000000000002
mAP=0.8407681673119684
[Epoch 230] Training cost: 7.431, CrossEntropy=1.212, SmoothL1=0.764
[Epoch 230] Validation: 
grave=1.0000000000000002
grave_cross_section=0.8517482517482516
goods=0.7250398724082936
arrow=0.5739930955120828
scale=0.7685950413223142
grave_photo=1.0000000000000002
skeleton=0.5621343470400075
map=1.0000000000000002
skeleton_photo=1.0000000000000002
mAP=0.8312789564478833
[Epoch 231] Training cost: 8.784, CrossEntropy=1.402, SmoothL1=0.940
[Epoch 231] Validation: 
grave=1.0000000000000002
grave_cross_section=0.8426573426573425
goods=0.8323863636363638
arrow=0.6248145793600339
scale=0.7685950413223142
grave_photo=1.0000000000000002
skeleton=0.5612779377485262
map=1.0000000000000002
skeleton_photo=1.0000000000000002
mAP=0.8477479183027312
[Epoch 232] Training cost: 8.254, CrossEntropy=1.261, SmoothL1=0.921
[Epoch 232] Validation: 
grave=1.0000000000000002
grave_cross_section=0.8426573426573425
goods=0.8333333333333335
arrow=0.6312354312354312
scale=0.7685950413223142
grave_photo=1.0000000000000002
skeleton=0.5770857049926819
map=1.0000000000000002
skeleton_photo=1.0000000000000002
mAP=0.8503229837267893
[Epoch 233] Training cost: 8.592, CrossEntropy=1.229, SmoothL1=0.773
[Epoch 233] Validation: 
grave=1.0000000000000002
grave_cross_section=0.8199855699855699
goods=0.8330849478390463
arrow=0.5151515151515151
scale=0.7685950413223142
grave_photo=1.0000000000000002
skeleton=0.5687645687645689
map=1.0000000000000002
skeleton_photo=1.0000000000000002
mAP=0.8339535158958906
[Epoch 234] Training cost: 7.859, CrossEntropy=1.420, SmoothL1=0.868
[Epoch 234] Validation: 
grave=1.0000000000000002
grave_cross_section=0.8467532467532467
goods=0.835334476843911
arrow=0.5663911845730027
scale=0.7685950413223142
grave_photo=1.0000000000000002
skeleton=0.5621343470400075
map=1.0000000000000002
skeleton_photo=1.0000000000000002
mAP=0.842134255170276
[Epoch 235] Training cost: 9.539, CrossEntropy=1.410, SmoothL1=1.129
[Epoch 235] Validation: 
grave=1.0000000000000002
grave_cross_section=0.841279932189023
goods=0.5760919408460392
arrow=0.5497835497835498
scale=0.7685950413223142
grave_photo=1.0000000000000002
skeleton=0.5625379390085274
map=1.0000000000000002
skeleton_photo=1.0000000000000002
mAP=0.8109209336832728
[Epoch 236] Training cost: 8.375, CrossEntropy=1.298, SmoothL1=0.945
[Epoch 236] Validation: 
grave=1.0000000000000002
grave_cross_section=0.841279932189023
goods=0.5830849478390461
arrow=0.5261707988980716
scale=0.7685950413223142
grave_photo=1.0000000000000002
skeleton=0.5796736596736598
map=1.0000000000000002
skeleton_photo=1.0000000000000002
mAP=0.8109782644357906
[Epoch 237] Training cost: 8.350, CrossEntropy=1.204, SmoothL1=0.849
[Epoch 237] Validation: 
grave=1.0000000000000002
grave_cross_section=0.8300865800865801
goods=0.8321678321678323
arrow=0.6423848878394334
scale=0.773186409550046
grave_photo=1.0000000000000002
skeleton=0.5886002886002887
map=1.0000000000000002
skeleton_photo=1.0000000000000002
mAP=0.8518251109160202
[Epoch 238] Training cost: 8.175, CrossEntropy=1.339, SmoothL1=0.984
[Epoch 238] Validation: 
grave=1.0000000000000002
grave_cross_section=0.8333333333333331
goods=0.8326118326118328
arrow=0.5256198347107439
scale=0.7685950413223142
grave_photo=1.0000000000000002
skeleton=0.5618913594145793
map=1.0000000000000002
skeleton_photo=1.0000000000000002
mAP=0.8357834890436449
[Epoch 239] Training cost: 8.270, CrossEntropy=1.290, SmoothL1=0.836
[Epoch 239] Validation: 
grave=1.0000000000000002
grave_cross_section=0.8104118104118102
goods=0.8328445747800588
arrow=0.5492515516611902
scale=0.7685950413223142
grave_photo=1.0000000000000002
skeleton=0.5597372714722002
map=1.0000000000000002
skeleton_photo=1.0000000000000002
mAP=0.8356489166275084
